ARM GAS  C:\Users\jwise\AppData\Local\Temp\ccbrOLh0.s 			page 1


   1              		.syntax unified
   2              		.cpu cortex-m3
   3              		.fpu softvfp
   4              		.eabi_attribute 20, 1
   5              		.eabi_attribute 21, 1
   6              		.eabi_attribute 23, 3
   7              		.eabi_attribute 24, 1
   8              		.eabi_attribute 25, 1
   9              		.eabi_attribute 26, 1
  10              		.eabi_attribute 30, 1
  11              		.eabi_attribute 34, 1
  12              		.eabi_attribute 18, 4
  13              		.thumb
  14              		.syntax unified
  15              		.file	"main.c"
  16              		.text
  17              	.Ltext0:
  18              		.cfi_sections	.debug_frame
  19              		.section	.text.ISR_CAN,"ax",%progbits
  20              		.align	2
  21              		.global	ISR_CAN
  22              		.thumb
  23              		.thumb_func
  24              		.type	ISR_CAN, %function
  25              	ISR_CAN:
  26              	.LFB65:
  27              		.file 1 "main.c"
   1:main.c        **** /*******************************************************************************
   2:main.c        **** * File Name: main.c
   3:main.c        **** *
   4:main.c        **** * Version: 1.0
   5:main.c        **** *
   6:main.c        **** * Description:
   7:main.c        **** *  This test project demonstrates how to configure the CAN Component in
   8:main.c        **** *  the Full CAN mode on a CY8CKIT-50 board with a CY8CKIT-017 CAN card connected to 
   9:main.c        **** *  port E.
  10:main.c        **** 
  11:main.c        **** *  The CAN component is configured to send one transmitted message and then 
  12:main.c        **** *  receive messages on an interrupt from up to ten mailboxess (6 extruders and 4 steppers).
  13:main.c        **** *
  14:main.c        **** *  The IDs of the transmit and receive mailboxes are defined in the component.
  15:main.c        **** *   
  16:main.c        **** *  
  17:main.c        **** *  Based on the PS0C 4.1 CAN full example.
  18:main.c        **** *
  19:main.c        **** *
  20:main.c        **** *
  21:main.c        **** * Hardware Dependency:
  22:main.c        **** *  CY8CKIT-050
  23:main.c        **** *  CY8CKIT-017
  24:main.c        **** *
  25:main.c        **** ********************************************************************************
  26:main.c        **** * Copyright 2015, Cypress Semiconductor Corporation. All rights reserved.
  27:main.c        **** * This software is owned by Cypress Semiconductor Corporation and is protected
  28:main.c        **** * by and subject to worldwide patent and copyright laws and treaties.
  29:main.c        **** * Therefore, you may use this software only as provided in the license agreement
  30:main.c        **** * accompanying the software package from which you obtained this software.
ARM GAS  C:\Users\jwise\AppData\Local\Temp\ccbrOLh0.s 			page 2


  31:main.c        **** * CYPRESS AND ITS SUPPLIERS MAKE NO WARRANTY OF ANY KIND, EXPRESS OR IMPLIED,
  32:main.c        **** * WITH REGARD TO THIS SOFTWARE, INCLUDING, BUT NOT LIMITED TO, NONINFRINGEMENT,
  33:main.c        **** * IMPLIED WARRANTIES OF MERCHANTABILITY AND FITNESS FOR A PARTICULAR PURPOSE.
  34:main.c        **** *******************************************************************************/
  35:main.c        **** #include <project.h>
  36:main.c        **** #include <stdio.h>
  37:main.c        **** 
  38:main.c        **** #define PWM_PULSE_WIDTH_STEP        (10u)
  39:main.c        **** #define SWITCH_PRESSED              (0u)
  40:main.c        **** #define PWM_MESSAGE_ID              (0x1AAu)
  41:main.c        **** #define PWM_MESSAGE_IDE             (0u)    /* Standard message */
  42:main.c        **** #define PWM_MESSAGE_IRQ             (0u)    /* No transmit IRQ */
  43:main.c        **** #define PWM_MESSAGE_RTR             (0u)    /* No RTR */
  44:main.c        **** #define CAN_RX_MAILBOX_0_SHIFT      (1u)
  45:main.c        **** #define CAN_RX_MAILBOX_1_SHIFT      (2u)
  46:main.c        **** #define DATA_SIZE                   (6u)
  47:main.c        **** #define ONE_BYTE_OFFSET             (8u)
  48:main.c        **** 
  49:main.c        **** /* user defines */
  50:main.c        **** #define NUM_EXTRUDERS   (6u)
  51:main.c        **** #define NUM_STEPPERS    (4u)
  52:main.c        **** 
  53:main.c        **** /* Function prototypes */
  54:main.c        **** CY_ISR_PROTO(ISR_CAN);
  55:main.c        **** static void ProcessRX(const char *pString);
  56:main.c        **** 
  57:main.c        **** /* Global variables used to store configuration and data for BASIC CAN mailbox */
  58:main.c        **** CAN_DATA_BYTES_MSG dataPWM;
  59:main.c        **** CAN_TX_MSG messagePWM;
  60:main.c        **** 
  61:main.c        **** /* Global variable used to store PWM pulse width value */
  62:main.c        **** uint8 pulseWidthValue = 0u;
  63:main.c        **** 
  64:main.c        **** /* Global variable used to store receive message mailbox number */
  65:main.c        **** volatile uint8 receiveMailboxNumber = 0xFFu;
  66:main.c        **** 
  67:main.c        **** 
  68:main.c        **** /*******************************************************************************
  69:main.c        **** * Function Name: main
  70:main.c        **** ********************************************************************************
  71:main.c        **** *
  72:main.c        **** * Summary:
  73:main.c        **** *  main() performs the following functions:
  74:main.c        **** *  1: Initializes a structure for the Basic CAN mailbox to send messages.
  75:main.c        **** *  2: Starts the CAN and LCD components.
  76:main.c        **** *  3: When received Message 1, sends the PWM pulse width and displays
  77:main.c        **** *     received switch status and value of PWM pulse width on an LCD; 
  78:main.c        **** *     When received Message 2, display received ADC data on an LCD.
  79:main.c        **** *
  80:main.c        **** * Parameters:
  81:main.c        **** *  None.
  82:main.c        **** *
  83:main.c        **** * Return:
  84:main.c        **** *  None.
  85:main.c        **** *
  86:main.c        **** *******************************************************************************/
  87:main.c        **** int main()
ARM GAS  C:\Users\jwise\AppData\Local\Temp\ccbrOLh0.s 			page 3


  88:main.c        **** {
  89:main.c        ****     char8 txData[DATA_SIZE];
  90:main.c        **** 
  91:main.c        ****     
  92:main.c        ****     /* BASIC CAN mailbox configuration */
  93:main.c        ****     messagePWM.dlc = CAN_TX_DLC_MAX_VALUE;
  94:main.c        ****     messagePWM.id  = PWM_MESSAGE_ID;
  95:main.c        ****     messagePWM.ide = PWM_MESSAGE_IDE;
  96:main.c        ****     messagePWM.irq = PWM_MESSAGE_IRQ;
  97:main.c        ****     messagePWM.msg = &dataPWM;
  98:main.c        ****     messagePWM.rtr = PWM_MESSAGE_RTR;
  99:main.c        **** 
 100:main.c        ****     LCD_Start();
 101:main.c        ****     
 102:main.c        ****     /* Display value of RX Buffer on LCD */
 103:main.c        ****     LCD_Position(0u, 0u);
 104:main.c        ****     LCD_PrintString("RX");
 105:main.c        **** 
 106:main.c        ****     
 107:main.c        ****     receiveMailboxNumber = 0xFFu;
 108:main.c        ****     CAN_Start();
 109:main.c        **** 
 110:main.c        ****     /* Set CAN interrupt handler to local routine */
 111:main.c        ****     CyIntSetVector(CAN_ISR_NUMBER, ISR_CAN);    
 112:main.c        **** 
 113:main.c        ****     CyGlobalIntEnable;
 114:main.c        ****         CAN_TX_DATA_BYTE1(CAN_TX_MAILBOX_txex1) = 0x01;
 115:main.c        ****         CAN_TX_DATA_BYTE2(CAN_TX_MAILBOX_txex1) = 0x02;
 116:main.c        ****         CAN_TX_DATA_BYTE3(CAN_TX_MAILBOX_txex1) = 0x03;
 117:main.c        ****         CAN_TX_DATA_BYTE4(CAN_TX_MAILBOX_txex1) = 0x04;
 118:main.c        ****         CAN_TX_DATA_BYTE5(CAN_TX_MAILBOX_txex1) = 0xDE;
 119:main.c        ****         CAN_TX_DATA_BYTE6(CAN_TX_MAILBOX_txex1) = 0xAD;
 120:main.c        ****         CAN_TX_DATA_BYTE7(CAN_TX_MAILBOX_txex1) = 0xBE;
 121:main.c        ****         CAN_TX_DATA_BYTE8(CAN_TX_MAILBOX_txex1) = 0xEF;
 122:main.c        ****         CAN_SendMsgtxex1();
 123:main.c        ****     for(;;)
 124:main.c        ****     {
 125:main.c        **** 
 126:main.c        **** 
 127:main.c        ****  
 128:main.c        ****         switch(receiveMailboxNumber)
 129:main.c        ****         {
 130:main.c        ****             case(CAN_RX_MAILBOX_recvex1):
 131:main.c        ****                 ProcessRX("recvex1   ");
 132:main.c        ****                 break;
 133:main.c        ****             case(CAN_RX_MAILBOX_recvex2):
 134:main.c        ****                 ProcessRX("recvex2   ");
 135:main.c        ****                 break;
 136:main.c        ****              case(CAN_RX_MAILBOX_recvex3):
 137:main.c        ****                 ProcessRX("recvex3   ");
 138:main.c        ****                 break;
 139:main.c        ****             case(CAN_RX_MAILBOX_recvex4):
 140:main.c        ****                 ProcessRX("recvex4   ");
 141:main.c        ****                 break;
 142:main.c        ****             case(CAN_RX_MAILBOX_recvex5):
 143:main.c        ****                 ProcessRX("recvex5   ");
 144:main.c        ****                 break;
ARM GAS  C:\Users\jwise\AppData\Local\Temp\ccbrOLh0.s 			page 4


 145:main.c        ****             case(CAN_RX_MAILBOX_recvex6):
 146:main.c        ****                 ProcessRX("recvex6   ");
 147:main.c        ****                 break;
 148:main.c        ****             case(CAN_RX_MAILBOX_recvstepx):
 149:main.c        ****                 ProcessRX("recvstepx ");
 150:main.c        ****                 break;
 151:main.c        ****             case(CAN_RX_MAILBOX_recvstepy1):
 152:main.c        ****                 ProcessRX("recvstepy1 ");
 153:main.c        ****                 break;
 154:main.c        ****             case(CAN_RX_MAILBOX_recvstepy2):
 155:main.c        ****                 ProcessRX("recvstepy2 ");
 156:main.c        ****                 break;
 157:main.c        ****             case(CAN_RX_MAILBOX_recvstepz):
 158:main.c        ****                 ProcessRX("recvstepz  ");
 159:main.c        ****                 break;
 160:main.c        ****             default:
 161:main.c        ****                 break;
 162:main.c        ****         }
 163:main.c        ****  /*       receiveMailboxNumber = 0xFFu;*/
 164:main.c        ****         
 165:main.c        ****         CyDelay(100u);
 166:main.c        ****     }
 167:main.c        **** }
 168:main.c        **** 
 169:main.c        **** 
 170:main.c        **** 
 171:main.c        **** 
 172:main.c        **** /*******************************************************************************
 173:main.c        **** * Function Name: ISR_CAN
 174:main.c        **** ********************************************************************************
 175:main.c        **** *
 176:main.c        **** * Summary:
 177:main.c        **** *  This ISR is executed at a Receive Message event and set receiveMailboxNumber
 178:main.c        **** *  global variable with receive message mailbox number.
 179:main.c        **** *
 180:main.c        **** * Parameters:
 181:main.c        **** *  None.
 182:main.c        **** *
 183:main.c        **** * Return:
 184:main.c        **** *  None.
 185:main.c        **** *
 186:main.c        **** *******************************************************************************/
 187:main.c        **** CY_ISR(ISR_CAN)
 188:main.c        **** {
  28              		.loc 1 188 0
  29              		.cfi_startproc
  30              		@ args = 0, pretend = 0, frame = 0
  31              		@ frame_needed = 0, uses_anonymous_args = 0
  32              		@ link register save eliminated.
  33              	.LVL0:
 189:main.c        ****     uint8 offset;
 190:main.c        ****     uint16 mailMask = CAN_RX_MAILBOX_0_SHIFT;
 191:main.c        ****     uint16 regValue = 0;
 192:main.c        ****     
 193:main.c        ****     /* Clear Receive Message flag */
 194:main.c        ****     CAN_INT_SR_REG.byte[1u] = CAN_RX_MESSAGE_MASK;
  34              		.loc 1 194 0
ARM GAS  C:\Users\jwise\AppData\Local\Temp\ccbrOLh0.s 			page 5


  35 0000 1022     		movs	r2, #16
  36 0002 1B4B     		ldr	r3, .L11
  37 0004 5A70     		strb	r2, [r3, #1]
 195:main.c        **** 
 196:main.c        ****     regValue = (uint16) (CY_GET_REG16((reg16 *) &CAN_BUF_SR_REG.byte[0u]));
  38              		.loc 1 196 0
  39 0006 0833     		adds	r3, r3, #8
  40 0008 1988     		ldrh	r1, [r3]
  41 000a 89B2     		uxth	r1, r1
  42              	.LVL1:
 190:main.c        ****     uint16 regValue = 0;
  43              		.loc 1 190 0
  44 000c 0122     		movs	r2, #1
 197:main.c        ****     
 198:main.c        ****     /* extruder messages, tie goes to low order  */
 199:main.c        ****     for(offset = 0; offset < (uint8) NUM_EXTRUDERS; ++offset)
  45              		.loc 1 199 0
  46 000e 0023     		movs	r3, #0
  47 0010 0EE0     		b	.L2
  48              	.LVL2:
  49              	.L5:
 200:main.c        ****     {
 201:main.c        ****         if(regValue & mailMask )
  50              		.loc 1 201 0
  51 0012 0A42     		tst	r2, r1
  52 0014 08D0     		beq	.L3
 202:main.c        ****         {
 203:main.c        ****             receiveMailboxNumber = (uint8) (CAN_RX_MAILBOX_recvex1 + offset);
  53              		.loc 1 203 0
  54 0016 174A     		ldr	r2, .L11+4
  55              	.LVL3:
  56 0018 1370     		strb	r3, [r2]
 204:main.c        ****             /* Acknowledges receipt of new message */
 205:main.c        ****             CAN_RX_ACK_MESSAGE(CAN_RX_MAILBOX_recvex1 + offset);
  57              		.loc 1 205 0
  58 001a 5B01     		lsls	r3, r3, #5
  59              	.LVL4:
  60 001c 1648     		ldr	r0, .L11+8
  61 001e 1A5C     		ldrb	r2, [r3, r0]	@ zero_extendqisi2
  62 0020 42F00102 		orr	r2, r2, #1
  63 0024 1A54     		strb	r2, [r3, r0]
  64              	.LVL5:
 206:main.c        ****             break;
  65              		.loc 1 206 0
  66 0026 05E0     		b	.L4
  67              	.LVL6:
  68              	.L3:
 207:main.c        ****         }
 208:main.c        ****         mailMask <<= 1;
  69              		.loc 1 208 0 discriminator 2
  70 0028 5200     		lsls	r2, r2, #1
  71              	.LVL7:
  72 002a 92B2     		uxth	r2, r2
  73              	.LVL8:
 199:main.c        ****     {
  74              		.loc 1 199 0 discriminator 2
  75 002c 0133     		adds	r3, r3, #1
ARM GAS  C:\Users\jwise\AppData\Local\Temp\ccbrOLh0.s 			page 6


  76              	.LVL9:
  77 002e DBB2     		uxtb	r3, r3
  78              	.LVL10:
  79              	.L2:
 199:main.c        ****     {
  80              		.loc 1 199 0 is_stmt 0 discriminator 1
  81 0030 052B     		cmp	r3, #5
  82 0032 EED9     		bls	.L5
  83              	.LVL11:
  84              	.L4:
 209:main.c        ****     }
 210:main.c        ****   
 211:main.c        ****     if( 0xFFu == receiveMailboxNumber) /* no mailbox acknowledged yet */
  85              		.loc 1 211 0 is_stmt 1
  86 0034 0F4B     		ldr	r3, .L11+4
  87 0036 1B78     		ldrb	r3, [r3]	@ zero_extendqisi2
  88 0038 DBB2     		uxtb	r3, r3
  89 003a FF2B     		cmp	r3, #255
  90 003c 16D1     		bne	.L1
  91 003e 11E0     		b	.L10
  92              	.LVL12:
  93              	.L9:
 212:main.c        ****     {
 213:main.c        ****         mailMask = (1u << NUM_EXTRUDERS);
 214:main.c        ****         /* stepper messages, tie goes to low order  */
 215:main.c        ****         for(offset = 0; offset < (uint8) NUM_STEPPERS; ++offset)
 216:main.c        ****         {
 217:main.c        ****             if(regValue & mailMask )
  94              		.loc 1 217 0
  95 0040 0A42     		tst	r2, r1
  96 0042 0AD0     		beq	.L8
 218:main.c        ****             {
 219:main.c        ****                 receiveMailboxNumber = (uint8) (CAN_RX_MAILBOX_recvstepx + offset);
  97              		.loc 1 219 0
  98 0044 0633     		adds	r3, r3, #6
  99              	.LVL13:
 100 0046 D9B2     		uxtb	r1, r3
 101              	.LVL14:
 102 0048 0A4A     		ldr	r2, .L11+4
 103              	.LVL15:
 104 004a 1170     		strb	r1, [r2]
 220:main.c        ****                 /* Acknowledges receipt of new message */
 221:main.c        ****                 CAN_RX_ACK_MESSAGE(CAN_RX_MAILBOX_recvstepx + offset);
 105              		.loc 1 221 0
 106 004c 5B01     		lsls	r3, r3, #5
 107 004e 0A49     		ldr	r1, .L11+8
 108 0050 5A5C     		ldrb	r2, [r3, r1]	@ zero_extendqisi2
 109 0052 42F00102 		orr	r2, r2, #1
 110 0056 5A54     		strb	r2, [r3, r1]
 222:main.c        ****                 break;
 111              		.loc 1 222 0
 112 0058 7047     		bx	lr
 113              	.LVL16:
 114              	.L8:
 223:main.c        ****             }
 224:main.c        ****             mailMask <<= 1;
 115              		.loc 1 224 0 discriminator 2
ARM GAS  C:\Users\jwise\AppData\Local\Temp\ccbrOLh0.s 			page 7


 116 005a 5200     		lsls	r2, r2, #1
 117              	.LVL17:
 118 005c 92B2     		uxth	r2, r2
 119              	.LVL18:
 215:main.c        ****         {
 120              		.loc 1 215 0 discriminator 2
 121 005e 0133     		adds	r3, r3, #1
 122              	.LVL19:
 123 0060 DBB2     		uxtb	r3, r3
 124              	.LVL20:
 125 0062 01E0     		b	.L6
 126              	.LVL21:
 127              	.L10:
 128 0064 4022     		movs	r2, #64
 129 0066 0023     		movs	r3, #0
 130              	.L6:
 131              	.LVL22:
 215:main.c        ****         {
 132              		.loc 1 215 0 is_stmt 0 discriminator 1
 133 0068 032B     		cmp	r3, #3
 134 006a E9D9     		bls	.L9
 135              	.LVL23:
 136              	.L1:
 137 006c 7047     		bx	lr
 138              	.L12:
 139 006e 00BF     		.align	2
 140              	.L11:
 141 0070 00A00040 		.word	1073782784
 142 0074 00000000 		.word	.LANCHOR0
 143 0078 A0A00040 		.word	1073782944
 144              		.cfi_endproc
 145              	.LFE65:
 146              		.size	ISR_CAN, .-ISR_CAN
 147              		.section	.text.ProcessRX,"ax",%progbits
 148              		.align	2
 149              		.thumb
 150              		.thumb_func
 151              		.type	ProcessRX, %function
 152              	ProcessRX:
 153              	.LFB66:
 225:main.c        ****         }
 226:main.c        ****     }
 227:main.c        **** }
 228:main.c        **** /*******************************************************************************
 229:main.c        **** * Function Name: ProcessRX
 230:main.c        **** ********************************************************************************
 231:main.c        **** *
 232:main.c        **** * Summary:
 233:main.c        **** *  ProcessRX() performs the following functions:
 234:main.c        **** *  1: Prints the const string parameter to the LCD Display
 235:main.c        **** *  2: resets the receive mailbox to 0xff
 236:main.c        **** 
 237:main.c        **** *
 238:main.c        **** * Parameters:
 239:main.c        **** *  char8 const string[]  string to print to the LCD
 240:main.c        **** *
 241:main.c        **** * Return:
ARM GAS  C:\Users\jwise\AppData\Local\Temp\ccbrOLh0.s 			page 8


 242:main.c        **** *  None.
 243:main.c        **** *
 244:main.c        **** *******************************************************************************/
 245:main.c        **** static void ProcessRX(char8 const string[])
 246:main.c        **** {
 154              		.loc 1 246 0 is_stmt 1
 155              		.cfi_startproc
 156              		@ args = 0, pretend = 0, frame = 0
 157              		@ frame_needed = 0, uses_anonymous_args = 0
 158              	.LVL24:
 159 0000 10B5     		push	{r4, lr}
 160              		.cfi_def_cfa_offset 8
 161              		.cfi_offset 4, -8
 162              		.cfi_offset 14, -4
 163 0002 0446     		mov	r4, r0
 247:main.c        ****     LCD_Position(0u, 3u);
 164              		.loc 1 247 0
 165 0004 0321     		movs	r1, #3
 166 0006 0020     		movs	r0, #0
 167              	.LVL25:
 168 0008 FFF7FEFF 		bl	LCD_Position
 169              	.LVL26:
 248:main.c        ****     LCD_PrintString(string); 
 170              		.loc 1 248 0
 171 000c 2046     		mov	r0, r4
 172 000e FFF7FEFF 		bl	LCD_PrintString
 173              	.LVL27:
 249:main.c        ****     receiveMailboxNumber = 0xFFu;          
 174              		.loc 1 249 0
 175 0012 FF22     		movs	r2, #255
 176 0014 014B     		ldr	r3, .L15
 177 0016 1A70     		strb	r2, [r3]
 178 0018 10BD     		pop	{r4, pc}
 179              	.LVL28:
 180              	.L16:
 181 001a 00BF     		.align	2
 182              	.L15:
 183 001c 00000000 		.word	.LANCHOR0
 184              		.cfi_endproc
 185              	.LFE66:
 186              		.size	ProcessRX, .-ProcessRX
 187              		.section	.text.main,"ax",%progbits
 188              		.align	2
 189              		.global	main
 190              		.thumb
 191              		.thumb_func
 192              		.type	main, %function
 193              	main:
 194              	.LFB64:
  88:main.c        ****     char8 txData[DATA_SIZE];
 195              		.loc 1 88 0
 196              		.cfi_startproc
 197              		@ Volatile: function does not return.
 198              		@ args = 0, pretend = 0, frame = 0
 199              		@ frame_needed = 0, uses_anonymous_args = 0
 200 0000 08B5     		push	{r3, lr}
 201              		.cfi_def_cfa_offset 8
ARM GAS  C:\Users\jwise\AppData\Local\Temp\ccbrOLh0.s 			page 9


 202              		.cfi_offset 3, -8
 203              		.cfi_offset 14, -4
  93:main.c        ****     messagePWM.id  = PWM_MESSAGE_ID;
 204              		.loc 1 93 0
 205 0002 344B     		ldr	r3, .L32
 206 0004 0822     		movs	r2, #8
 207 0006 9A71     		strb	r2, [r3, #6]
  94:main.c        ****     messagePWM.ide = PWM_MESSAGE_IDE;
 208              		.loc 1 94 0
 209 0008 4FF4D572 		mov	r2, #426
 210 000c 1A60     		str	r2, [r3]
  95:main.c        ****     messagePWM.irq = PWM_MESSAGE_IRQ;
 211              		.loc 1 95 0
 212 000e 0024     		movs	r4, #0
 213 0010 5C71     		strb	r4, [r3, #5]
  96:main.c        ****     messagePWM.msg = &dataPWM;
 214              		.loc 1 96 0
 215 0012 DC71     		strb	r4, [r3, #7]
  97:main.c        ****     messagePWM.rtr = PWM_MESSAGE_RTR;
 216              		.loc 1 97 0
 217 0014 304A     		ldr	r2, .L32+4
 218 0016 9A60     		str	r2, [r3, #8]
  98:main.c        **** 
 219              		.loc 1 98 0
 220 0018 1C71     		strb	r4, [r3, #4]
 100:main.c        ****     
 221              		.loc 1 100 0
 222 001a FFF7FEFF 		bl	LCD_Start
 223              	.LVL29:
 103:main.c        ****     LCD_PrintString("RX");
 224              		.loc 1 103 0
 225 001e 2146     		mov	r1, r4
 226 0020 2046     		mov	r0, r4
 227 0022 FFF7FEFF 		bl	LCD_Position
 228              	.LVL30:
 104:main.c        **** 
 229              		.loc 1 104 0
 230 0026 2D48     		ldr	r0, .L32+8
 231 0028 FFF7FEFF 		bl	LCD_PrintString
 232              	.LVL31:
 107:main.c        ****     CAN_Start();
 233              		.loc 1 107 0
 234 002c FF22     		movs	r2, #255
 235 002e 2C4B     		ldr	r3, .L32+12
 236 0030 1A70     		strb	r2, [r3]
 108:main.c        **** 
 237              		.loc 1 108 0
 238 0032 FFF7FEFF 		bl	CAN_Start
 239              	.LVL32:
 111:main.c        **** 
 240              		.loc 1 111 0
 241 0036 2B49     		ldr	r1, .L32+16
 242 0038 1020     		movs	r0, #16
 243 003a FFF7FEFF 		bl	CyIntSetVector
 244              	.LVL33:
 113:main.c        ****         CAN_TX_DATA_BYTE1(CAN_TX_MAILBOX_txex1) = 0x01;
 245              		.loc 1 113 0
ARM GAS  C:\Users\jwise\AppData\Local\Temp\ccbrOLh0.s 			page 10


 246              		.syntax unified
 247              	@ 113 "main.c" 1
 248 003e 62B6     		CPSIE   i
 249              	@ 0 "" 2
 114:main.c        ****         CAN_TX_DATA_BYTE2(CAN_TX_MAILBOX_txex1) = 0x02;
 250              		.loc 1 114 0
 251              		.thumb
 252              		.syntax unified
 253 0040 294B     		ldr	r3, .L32+20
 254 0042 0122     		movs	r2, #1
 255 0044 DA72     		strb	r2, [r3, #11]
 115:main.c        ****         CAN_TX_DATA_BYTE3(CAN_TX_MAILBOX_txex1) = 0x03;
 256              		.loc 1 115 0
 257 0046 0222     		movs	r2, #2
 258 0048 9A72     		strb	r2, [r3, #10]
 116:main.c        ****         CAN_TX_DATA_BYTE4(CAN_TX_MAILBOX_txex1) = 0x04;
 259              		.loc 1 116 0
 260 004a 0322     		movs	r2, #3
 261 004c 5A72     		strb	r2, [r3, #9]
 117:main.c        ****         CAN_TX_DATA_BYTE5(CAN_TX_MAILBOX_txex1) = 0xDE;
 262              		.loc 1 117 0
 263 004e 0422     		movs	r2, #4
 264 0050 1A72     		strb	r2, [r3, #8]
 118:main.c        ****         CAN_TX_DATA_BYTE6(CAN_TX_MAILBOX_txex1) = 0xAD;
 265              		.loc 1 118 0
 266 0052 DE22     		movs	r2, #222
 267 0054 DA73     		strb	r2, [r3, #15]
 119:main.c        ****         CAN_TX_DATA_BYTE7(CAN_TX_MAILBOX_txex1) = 0xBE;
 268              		.loc 1 119 0
 269 0056 AD22     		movs	r2, #173
 270 0058 9A73     		strb	r2, [r3, #14]
 120:main.c        ****         CAN_TX_DATA_BYTE8(CAN_TX_MAILBOX_txex1) = 0xEF;
 271              		.loc 1 120 0
 272 005a BE22     		movs	r2, #190
 273 005c 5A73     		strb	r2, [r3, #13]
 121:main.c        ****         CAN_SendMsgtxex1();
 274              		.loc 1 121 0
 275 005e EF22     		movs	r2, #239
 276 0060 1A73     		strb	r2, [r3, #12]
 122:main.c        ****     for(;;)
 277              		.loc 1 122 0
 278 0062 FFF7FEFF 		bl	CAN_SendMsgtxex1
 279              	.LVL34:
 280              	.L30:
 128:main.c        ****         {
 281              		.loc 1 128 0
 282 0066 1E4B     		ldr	r3, .L32+12
 283 0068 1B78     		ldrb	r3, [r3]	@ zero_extendqisi2
 284 006a DBB2     		uxtb	r3, r3
 285 006c 092B     		cmp	r3, #9
 286 006e 2DD8     		bhi	.L18
 287 0070 DFE803F0 		tbb	[pc, r3]
 288              	.L20:
 289 0074 05       		.byte	(.L19-.L20)/2
 290 0075 09       		.byte	(.L21-.L20)/2
 291 0076 0D       		.byte	(.L22-.L20)/2
 292 0077 11       		.byte	(.L23-.L20)/2
ARM GAS  C:\Users\jwise\AppData\Local\Temp\ccbrOLh0.s 			page 11


 293 0078 15       		.byte	(.L24-.L20)/2
 294 0079 19       		.byte	(.L25-.L20)/2
 295 007a 1D       		.byte	(.L26-.L20)/2
 296 007b 21       		.byte	(.L27-.L20)/2
 297 007c 25       		.byte	(.L28-.L20)/2
 298 007d 29       		.byte	(.L29-.L20)/2
 299              		.p2align 1
 300              	.L19:
 131:main.c        ****                 break;
 301              		.loc 1 131 0
 302 007e 1B48     		ldr	r0, .L32+24
 303 0080 FFF7FEFF 		bl	ProcessRX
 304              	.LVL35:
 132:main.c        ****             case(CAN_RX_MAILBOX_recvex2):
 305              		.loc 1 132 0
 306 0084 22E0     		b	.L18
 307              	.L21:
 134:main.c        ****                 break;
 308              		.loc 1 134 0
 309 0086 1A48     		ldr	r0, .L32+28
 310 0088 FFF7FEFF 		bl	ProcessRX
 311              	.LVL36:
 135:main.c        ****              case(CAN_RX_MAILBOX_recvex3):
 312              		.loc 1 135 0
 313 008c 1EE0     		b	.L18
 314              	.L22:
 137:main.c        ****                 break;
 315              		.loc 1 137 0
 316 008e 1948     		ldr	r0, .L32+32
 317 0090 FFF7FEFF 		bl	ProcessRX
 318              	.LVL37:
 138:main.c        ****             case(CAN_RX_MAILBOX_recvex4):
 319              		.loc 1 138 0
 320 0094 1AE0     		b	.L18
 321              	.L23:
 140:main.c        ****                 break;
 322              		.loc 1 140 0
 323 0096 1848     		ldr	r0, .L32+36
 324 0098 FFF7FEFF 		bl	ProcessRX
 325              	.LVL38:
 141:main.c        ****             case(CAN_RX_MAILBOX_recvex5):
 326              		.loc 1 141 0
 327 009c 16E0     		b	.L18
 328              	.L24:
 143:main.c        ****                 break;
 329              		.loc 1 143 0
 330 009e 1748     		ldr	r0, .L32+40
 331 00a0 FFF7FEFF 		bl	ProcessRX
 332              	.LVL39:
 144:main.c        ****             case(CAN_RX_MAILBOX_recvex6):
 333              		.loc 1 144 0
 334 00a4 12E0     		b	.L18
 335              	.L25:
 146:main.c        ****                 break;
 336              		.loc 1 146 0
 337 00a6 1648     		ldr	r0, .L32+44
 338 00a8 FFF7FEFF 		bl	ProcessRX
ARM GAS  C:\Users\jwise\AppData\Local\Temp\ccbrOLh0.s 			page 12


 339              	.LVL40:
 147:main.c        ****             case(CAN_RX_MAILBOX_recvstepx):
 340              		.loc 1 147 0
 341 00ac 0EE0     		b	.L18
 342              	.L26:
 149:main.c        ****                 break;
 343              		.loc 1 149 0
 344 00ae 1548     		ldr	r0, .L32+48
 345 00b0 FFF7FEFF 		bl	ProcessRX
 346              	.LVL41:
 150:main.c        ****             case(CAN_RX_MAILBOX_recvstepy1):
 347              		.loc 1 150 0
 348 00b4 0AE0     		b	.L18
 349              	.L27:
 152:main.c        ****                 break;
 350              		.loc 1 152 0
 351 00b6 1448     		ldr	r0, .L32+52
 352 00b8 FFF7FEFF 		bl	ProcessRX
 353              	.LVL42:
 153:main.c        ****             case(CAN_RX_MAILBOX_recvstepy2):
 354              		.loc 1 153 0
 355 00bc 06E0     		b	.L18
 356              	.L28:
 155:main.c        ****                 break;
 357              		.loc 1 155 0
 358 00be 1348     		ldr	r0, .L32+56
 359 00c0 FFF7FEFF 		bl	ProcessRX
 360              	.LVL43:
 156:main.c        ****             case(CAN_RX_MAILBOX_recvstepz):
 361              		.loc 1 156 0
 362 00c4 02E0     		b	.L18
 363              	.L29:
 158:main.c        ****                 break;
 364              		.loc 1 158 0
 365 00c6 1248     		ldr	r0, .L32+60
 366 00c8 FFF7FEFF 		bl	ProcessRX
 367              	.LVL44:
 368              	.L18:
 165:main.c        ****     }
 369              		.loc 1 165 0
 370 00cc 6420     		movs	r0, #100
 371 00ce FFF7FEFF 		bl	CyDelay
 372              	.LVL45:
 166:main.c        **** }
 373              		.loc 1 166 0
 374 00d2 C8E7     		b	.L30
 375              	.L33:
 376              		.align	2
 377              	.L32:
 378 00d4 00000000 		.word	messagePWM
 379 00d8 00000000 		.word	dataPWM
 380 00dc 00000000 		.word	.LC0
 381 00e0 00000000 		.word	.LANCHOR0
 382 00e4 00000000 		.word	ISR_CAN
 383 00e8 20A00040 		.word	1073782816
 384 00ec 04000000 		.word	.LC1
 385 00f0 10000000 		.word	.LC2
ARM GAS  C:\Users\jwise\AppData\Local\Temp\ccbrOLh0.s 			page 13


 386 00f4 1C000000 		.word	.LC3
 387 00f8 28000000 		.word	.LC4
 388 00fc 34000000 		.word	.LC5
 389 0100 40000000 		.word	.LC6
 390 0104 4C000000 		.word	.LC7
 391 0108 58000000 		.word	.LC8
 392 010c 64000000 		.word	.LC9
 393 0110 70000000 		.word	.LC10
 394              		.cfi_endproc
 395              	.LFE64:
 396              		.size	main, .-main
 397              		.global	receiveMailboxNumber
 398              		.global	pulseWidthValue
 399              		.comm	messagePWM,12,4
 400              		.comm	dataPWM,8,4
 401              		.data
 402              		.set	.LANCHOR0,. + 0
 403              		.type	receiveMailboxNumber, %object
 404              		.size	receiveMailboxNumber, 1
 405              	receiveMailboxNumber:
 406 0000 FF       		.byte	-1
 407              		.section	.rodata.str1.4,"aMS",%progbits,1
 408              		.align	2
 409              	.LC0:
 410 0000 525800   		.ascii	"RX\000"
 411 0003 00       		.space	1
 412              	.LC1:
 413 0004 72656376 		.ascii	"recvex1   \000"
 413      65783120 
 413      202000
 414 000f 00       		.space	1
 415              	.LC2:
 416 0010 72656376 		.ascii	"recvex2   \000"
 416      65783220 
 416      202000
 417 001b 00       		.space	1
 418              	.LC3:
 419 001c 72656376 		.ascii	"recvex3   \000"
 419      65783320 
 419      202000
 420 0027 00       		.space	1
 421              	.LC4:
 422 0028 72656376 		.ascii	"recvex4   \000"
 422      65783420 
 422      202000
 423 0033 00       		.space	1
 424              	.LC5:
 425 0034 72656376 		.ascii	"recvex5   \000"
 425      65783520 
 425      202000
 426 003f 00       		.space	1
 427              	.LC6:
 428 0040 72656376 		.ascii	"recvex6   \000"
 428      65783620 
 428      202000
 429 004b 00       		.space	1
 430              	.LC7:
ARM GAS  C:\Users\jwise\AppData\Local\Temp\ccbrOLh0.s 			page 14


 431 004c 72656376 		.ascii	"recvstepx \000"
 431      73746570 
 431      782000
 432 0057 00       		.space	1
 433              	.LC8:
 434 0058 72656376 		.ascii	"recvstepy1 \000"
 434      73746570 
 434      79312000 
 435              	.LC9:
 436 0064 72656376 		.ascii	"recvstepy2 \000"
 436      73746570 
 436      79322000 
 437              	.LC10:
 438 0070 72656376 		.ascii	"recvstepz  \000"
 438      73746570 
 438      7A202000 
 439              		.bss
 440              		.type	pulseWidthValue, %object
 441              		.size	pulseWidthValue, 1
 442              	pulseWidthValue:
 443 0000 00       		.space	1
 444              		.text
 445              	.Letext0:
 446              		.file 2 "c:\\program files (x86)\\cypress\\psoc creator\\4.1\\psoc creator\\import\\gnu\\arm\\5.4.
 447              		.file 3 "c:\\program files (x86)\\cypress\\psoc creator\\4.1\\psoc creator\\import\\gnu\\arm\\5.4.
 448              		.file 4 "Generated_Source\\PSoC5/cytypes.h"
 449              		.file 5 "Generated_Source\\PSoC5/CAN.h"
 450              		.file 6 "Generated_Source\\PSoC5/core_cm3.h"
 451              		.file 7 "Generated_Source\\PSoC5/LCD.h"
 452              		.file 8 "Generated_Source\\PSoC5/CyLib.h"
 453              		.section	.debug_info,"",%progbits
 454              	.Ldebug_info0:
 455 0000 5F050000 		.4byte	0x55f
 456 0004 0400     		.2byte	0x4
 457 0006 00000000 		.4byte	.Ldebug_abbrev0
 458 000a 04       		.byte	0x4
 459 000b 01       		.uleb128 0x1
 460 000c 8D020000 		.4byte	.LASF54
 461 0010 0C       		.byte	0xc
 462 0011 E5010000 		.4byte	.LASF55
 463 0015 00000000 		.4byte	.LASF56
 464 0019 00000000 		.4byte	.Ldebug_ranges0+0
 465 001d 00000000 		.4byte	0
 466 0021 00000000 		.4byte	.Ldebug_line0
 467 0025 02       		.uleb128 0x2
 468 0026 01       		.byte	0x1
 469 0027 06       		.byte	0x6
 470 0028 3A010000 		.4byte	.LASF0
 471 002c 02       		.uleb128 0x2
 472 002d 01       		.byte	0x1
 473 002e 08       		.byte	0x8
 474 002f 1B010000 		.4byte	.LASF1
 475 0033 02       		.uleb128 0x2
 476 0034 02       		.byte	0x2
 477 0035 05       		.byte	0x5
 478 0036 6F000000 		.4byte	.LASF2
 479 003a 02       		.uleb128 0x2
ARM GAS  C:\Users\jwise\AppData\Local\Temp\ccbrOLh0.s 			page 15


 480 003b 02       		.byte	0x2
 481 003c 07       		.byte	0x7
 482 003d 8D010000 		.4byte	.LASF3
 483 0041 03       		.uleb128 0x3
 484 0042 23020000 		.4byte	.LASF9
 485 0046 02       		.byte	0x2
 486 0047 3F       		.byte	0x3f
 487 0048 4C000000 		.4byte	0x4c
 488 004c 02       		.uleb128 0x2
 489 004d 04       		.byte	0x4
 490 004e 05       		.byte	0x5
 491 004f D7000000 		.4byte	.LASF4
 492 0053 02       		.uleb128 0x2
 493 0054 04       		.byte	0x4
 494 0055 07       		.byte	0x7
 495 0056 F1010000 		.4byte	.LASF5
 496 005a 02       		.uleb128 0x2
 497 005b 08       		.byte	0x8
 498 005c 05       		.byte	0x5
 499 005d C3000000 		.4byte	.LASF6
 500 0061 02       		.uleb128 0x2
 501 0062 08       		.byte	0x8
 502 0063 07       		.byte	0x7
 503 0064 46010000 		.4byte	.LASF7
 504 0068 04       		.uleb128 0x4
 505 0069 04       		.byte	0x4
 506 006a 05       		.byte	0x5
 507 006b 696E7400 		.ascii	"int\000"
 508 006f 02       		.uleb128 0x2
 509 0070 04       		.byte	0x4
 510 0071 07       		.byte	0x7
 511 0072 5D010000 		.4byte	.LASF8
 512 0076 03       		.uleb128 0x3
 513 0077 BA010000 		.4byte	.LASF10
 514 007b 03       		.byte	0x3
 515 007c 2C       		.byte	0x2c
 516 007d 41000000 		.4byte	0x41
 517 0081 05       		.uleb128 0x5
 518 0082 AC000000 		.4byte	.LASF11
 519 0086 04       		.byte	0x4
 520 0087 9201     		.2byte	0x192
 521 0089 2C000000 		.4byte	0x2c
 522 008d 05       		.uleb128 0x5
 523 008e A5000000 		.4byte	.LASF12
 524 0092 04       		.byte	0x4
 525 0093 9301     		.2byte	0x193
 526 0095 3A000000 		.4byte	0x3a
 527 0099 05       		.uleb128 0x5
 528 009a DE010000 		.4byte	.LASF13
 529 009e 04       		.byte	0x4
 530 009f 9401     		.2byte	0x194
 531 00a1 53000000 		.4byte	0x53
 532 00a5 02       		.uleb128 0x2
 533 00a6 04       		.byte	0x4
 534 00a7 04       		.byte	0x4
 535 00a8 BD000000 		.4byte	.LASF14
 536 00ac 02       		.uleb128 0x2
ARM GAS  C:\Users\jwise\AppData\Local\Temp\ccbrOLh0.s 			page 16


 537 00ad 08       		.byte	0x8
 538 00ae 04       		.byte	0x4
 539 00af 0E020000 		.4byte	.LASF15
 540 00b3 05       		.uleb128 0x5
 541 00b4 82000000 		.4byte	.LASF16
 542 00b8 04       		.byte	0x4
 543 00b9 A301     		.2byte	0x1a3
 544 00bb BF000000 		.4byte	0xbf
 545 00bf 02       		.uleb128 0x2
 546 00c0 01       		.byte	0x1
 547 00c1 08       		.byte	0x8
 548 00c2 A7010000 		.4byte	.LASF17
 549 00c6 05       		.uleb128 0x5
 550 00c7 EC010000 		.4byte	.LASF18
 551 00cb 04       		.byte	0x4
 552 00cc 3C02     		.2byte	0x23c
 553 00ce D2000000 		.4byte	0xd2
 554 00d2 06       		.uleb128 0x6
 555 00d3 81000000 		.4byte	0x81
 556 00d7 05       		.uleb128 0x5
 557 00d8 69000000 		.4byte	.LASF19
 558 00dc 04       		.byte	0x4
 559 00dd 3D02     		.2byte	0x23d
 560 00df E3000000 		.4byte	0xe3
 561 00e3 06       		.uleb128 0x6
 562 00e4 8D000000 		.4byte	0x8d
 563 00e8 02       		.uleb128 0x2
 564 00e9 08       		.byte	0x8
 565 00ea 04       		.byte	0x4
 566 00eb 08010000 		.4byte	.LASF20
 567 00ef 02       		.uleb128 0x2
 568 00f0 04       		.byte	0x4
 569 00f1 07       		.byte	0x7
 570 00f2 79000000 		.4byte	.LASF21
 571 00f6 07       		.uleb128 0x7
 572 00f7 08       		.byte	0x8
 573 00f8 05       		.byte	0x5
 574 00f9 6F       		.byte	0x6f
 575 00fa 0B010000 		.4byte	0x10b
 576 00fe 08       		.uleb128 0x8
 577 00ff F8000000 		.4byte	.LASF23
 578 0103 05       		.byte	0x5
 579 0104 71       		.byte	0x71
 580 0105 0B010000 		.4byte	0x10b
 581 0109 00       		.byte	0
 582 010a 00       		.byte	0
 583 010b 09       		.uleb128 0x9
 584 010c 81000000 		.4byte	0x81
 585 0110 1B010000 		.4byte	0x11b
 586 0114 0A       		.uleb128 0xa
 587 0115 EF000000 		.4byte	0xef
 588 0119 07       		.byte	0x7
 589 011a 00       		.byte	0
 590 011b 03       		.uleb128 0x3
 591 011c 7A010000 		.4byte	.LASF22
 592 0120 05       		.byte	0x5
 593 0121 72       		.byte	0x72
ARM GAS  C:\Users\jwise\AppData\Local\Temp\ccbrOLh0.s 			page 17


 594 0122 F6000000 		.4byte	0xf6
 595 0126 07       		.uleb128 0x7
 596 0127 08       		.byte	0x8
 597 0128 05       		.byte	0x5
 598 0129 75       		.byte	0x75
 599 012a 3B010000 		.4byte	0x13b
 600 012e 08       		.uleb128 0x8
 601 012f F8000000 		.4byte	.LASF23
 602 0133 05       		.byte	0x5
 603 0134 77       		.byte	0x77
 604 0135 4B010000 		.4byte	0x14b
 605 0139 00       		.byte	0
 606 013a 00       		.byte	0
 607 013b 09       		.uleb128 0x9
 608 013c C6000000 		.4byte	0xc6
 609 0140 4B010000 		.4byte	0x14b
 610 0144 0A       		.uleb128 0xa
 611 0145 EF000000 		.4byte	0xef
 612 0149 07       		.byte	0x7
 613 014a 00       		.byte	0
 614 014b 06       		.uleb128 0x6
 615 014c 3B010000 		.4byte	0x13b
 616 0150 03       		.uleb128 0x3
 617 0151 5A000000 		.4byte	.LASF24
 618 0155 05       		.byte	0x5
 619 0156 78       		.byte	0x78
 620 0157 26010000 		.4byte	0x126
 621 015b 07       		.uleb128 0x7
 622 015c 04       		.byte	0x4
 623 015d 05       		.byte	0x5
 624 015e 7B       		.byte	0x7b
 625 015f 70010000 		.4byte	0x170
 626 0163 08       		.uleb128 0x8
 627 0164 F8000000 		.4byte	.LASF23
 628 0168 05       		.byte	0x5
 629 0169 7D       		.byte	0x7d
 630 016a 80010000 		.4byte	0x180
 631 016e 00       		.byte	0
 632 016f 00       		.byte	0
 633 0170 09       		.uleb128 0x9
 634 0171 C6000000 		.4byte	0xc6
 635 0175 80010000 		.4byte	0x180
 636 0179 0A       		.uleb128 0xa
 637 017a EF000000 		.4byte	0xef
 638 017e 03       		.byte	0x3
 639 017f 00       		.byte	0
 640 0180 06       		.uleb128 0x6
 641 0181 70010000 		.4byte	0x170
 642 0185 03       		.uleb128 0x3
 643 0186 3F000000 		.4byte	.LASF25
 644 018a 05       		.byte	0x5
 645 018b 7E       		.byte	0x7e
 646 018c 5B010000 		.4byte	0x15b
 647 0190 07       		.uleb128 0x7
 648 0191 0C       		.byte	0xc
 649 0192 05       		.byte	0x5
 650 0193 81       		.byte	0x81
ARM GAS  C:\Users\jwise\AppData\Local\Temp\ccbrOLh0.s 			page 18


 651 0194 E0010000 		.4byte	0x1e0
 652 0198 0B       		.uleb128 0xb
 653 0199 696400   		.ascii	"id\000"
 654 019c 05       		.byte	0x5
 655 019d 83       		.byte	0x83
 656 019e 99000000 		.4byte	0x99
 657 01a2 00       		.byte	0
 658 01a3 0B       		.uleb128 0xb
 659 01a4 72747200 		.ascii	"rtr\000"
 660 01a8 05       		.byte	0x5
 661 01a9 84       		.byte	0x84
 662 01aa 81000000 		.4byte	0x81
 663 01ae 04       		.byte	0x4
 664 01af 0B       		.uleb128 0xb
 665 01b0 69646500 		.ascii	"ide\000"
 666 01b4 05       		.byte	0x5
 667 01b5 85       		.byte	0x85
 668 01b6 81000000 		.4byte	0x81
 669 01ba 05       		.byte	0x5
 670 01bb 0B       		.uleb128 0xb
 671 01bc 646C6300 		.ascii	"dlc\000"
 672 01c0 05       		.byte	0x5
 673 01c1 86       		.byte	0x86
 674 01c2 81000000 		.4byte	0x81
 675 01c6 06       		.byte	0x6
 676 01c7 0B       		.uleb128 0xb
 677 01c8 69727100 		.ascii	"irq\000"
 678 01cc 05       		.byte	0x5
 679 01cd 87       		.byte	0x87
 680 01ce 81000000 		.4byte	0x81
 681 01d2 07       		.byte	0x7
 682 01d3 0B       		.uleb128 0xb
 683 01d4 6D736700 		.ascii	"msg\000"
 684 01d8 05       		.byte	0x5
 685 01d9 8B       		.byte	0x8b
 686 01da E0010000 		.4byte	0x1e0
 687 01de 08       		.byte	0x8
 688 01df 00       		.byte	0
 689 01e0 0C       		.uleb128 0xc
 690 01e1 04       		.byte	0x4
 691 01e2 1B010000 		.4byte	0x11b
 692 01e6 03       		.uleb128 0x3
 693 01e7 03020000 		.4byte	.LASF26
 694 01eb 05       		.byte	0x5
 695 01ec 8C       		.byte	0x8c
 696 01ed 90010000 		.4byte	0x190
 697 01f1 07       		.uleb128 0x7
 698 01f2 20       		.byte	0x20
 699 01f3 05       		.byte	0x5
 700 01f4 A0       		.byte	0xa0
 701 01f5 4E020000 		.4byte	0x24e
 702 01f9 08       		.uleb128 0x8
 703 01fa C2010000 		.4byte	.LASF27
 704 01fe 05       		.byte	0x5
 705 01ff A2       		.byte	0xa2
 706 0200 85010000 		.4byte	0x185
 707 0204 00       		.byte	0
ARM GAS  C:\Users\jwise\AppData\Local\Temp\ccbrOLh0.s 			page 19


 708 0205 08       		.uleb128 0x8
 709 0206 B2000000 		.4byte	.LASF28
 710 020a 05       		.byte	0x5
 711 020b A3       		.byte	0xa3
 712 020c 85010000 		.4byte	0x185
 713 0210 04       		.byte	0x4
 714 0211 08       		.uleb128 0x8
 715 0212 94000000 		.4byte	.LASF29
 716 0216 05       		.byte	0x5
 717 0217 A4       		.byte	0xa4
 718 0218 50010000 		.4byte	0x150
 719 021c 08       		.byte	0x8
 720 021d 08       		.uleb128 0x8
 721 021e 23030000 		.4byte	.LASF30
 722 0222 05       		.byte	0x5
 723 0223 A5       		.byte	0xa5
 724 0224 85010000 		.4byte	0x185
 725 0228 10       		.byte	0x10
 726 0229 08       		.uleb128 0x8
 727 022a B7000000 		.4byte	.LASF31
 728 022e 05       		.byte	0x5
 729 022f A6       		.byte	0xa6
 730 0230 85010000 		.4byte	0x185
 731 0234 14       		.byte	0x14
 732 0235 08       		.uleb128 0x8
 733 0236 14010000 		.4byte	.LASF32
 734 023a 05       		.byte	0x5
 735 023b A7       		.byte	0xa7
 736 023c 85010000 		.4byte	0x185
 737 0240 18       		.byte	0x18
 738 0241 08       		.uleb128 0x8
 739 0242 A0010000 		.4byte	.LASF33
 740 0246 05       		.byte	0x5
 741 0247 A8       		.byte	0xa8
 742 0248 85010000 		.4byte	0x185
 743 024c 1C       		.byte	0x1c
 744 024d 00       		.byte	0
 745 024e 03       		.uleb128 0x3
 746 024f AC010000 		.4byte	.LASF34
 747 0253 05       		.byte	0x5
 748 0254 A9       		.byte	0xa9
 749 0255 F1010000 		.4byte	0x1f1
 750 0259 07       		.uleb128 0x7
 751 025a 10       		.byte	0x10
 752 025b 05       		.byte	0x5
 753 025c AC       		.byte	0xac
 754 025d 86020000 		.4byte	0x286
 755 0261 08       		.uleb128 0x8
 756 0262 D1000000 		.4byte	.LASF35
 757 0266 05       		.byte	0x5
 758 0267 AE       		.byte	0xae
 759 0268 85010000 		.4byte	0x185
 760 026c 00       		.byte	0
 761 026d 08       		.uleb128 0x8
 762 026e 1E020000 		.4byte	.LASF36
 763 0272 05       		.byte	0x5
 764 0273 AF       		.byte	0xaf
ARM GAS  C:\Users\jwise\AppData\Local\Temp\ccbrOLh0.s 			page 20


 765 0274 85010000 		.4byte	0x185
 766 0278 04       		.byte	0x4
 767 0279 08       		.uleb128 0x8
 768 027a 88000000 		.4byte	.LASF37
 769 027e 05       		.byte	0x5
 770 027f B0       		.byte	0xb0
 771 0280 50010000 		.4byte	0x150
 772 0284 08       		.byte	0x8
 773 0285 00       		.byte	0
 774 0286 03       		.uleb128 0x3
 775 0287 D0010000 		.4byte	.LASF38
 776 028b 05       		.byte	0x5
 777 028c B1       		.byte	0xb1
 778 028d 59020000 		.4byte	0x259
 779 0291 0D       		.uleb128 0xd
 780 0292 2D020000 		.4byte	.LASF57
 781 0296 01       		.byte	0x1
 782 0297 BB       		.byte	0xbb
 783 0298 00000000 		.4byte	.LFB65
 784 029c 7C000000 		.4byte	.LFE65-.LFB65
 785 02a0 01       		.uleb128 0x1
 786 02a1 9C       		.byte	0x9c
 787 02a2 D4020000 		.4byte	0x2d4
 788 02a6 0E       		.uleb128 0xe
 789 02a7 F1000000 		.4byte	.LASF39
 790 02ab 01       		.byte	0x1
 791 02ac BD       		.byte	0xbd
 792 02ad 81000000 		.4byte	0x81
 793 02b1 00000000 		.4byte	.LLST0
 794 02b5 0E       		.uleb128 0xe
 795 02b6 15020000 		.4byte	.LASF40
 796 02ba 01       		.byte	0x1
 797 02bb BE       		.byte	0xbe
 798 02bc 8D000000 		.4byte	0x8d
 799 02c0 70000000 		.4byte	.LLST1
 800 02c4 0E       		.uleb128 0xe
 801 02c5 62020000 		.4byte	.LASF41
 802 02c9 01       		.byte	0x1
 803 02ca BF       		.byte	0xbf
 804 02cb 8D000000 		.4byte	0x8d
 805 02cf D1000000 		.4byte	.LLST2
 806 02d3 00       		.byte	0
 807 02d4 0F       		.uleb128 0xf
 808 02d5 E0000000 		.4byte	.LASF58
 809 02d9 01       		.byte	0x1
 810 02da F5       		.byte	0xf5
 811 02db 00000000 		.4byte	.LFB66
 812 02df 20000000 		.4byte	.LFE66-.LFB66
 813 02e3 01       		.uleb128 0x1
 814 02e4 9C       		.byte	0x9c
 815 02e5 21030000 		.4byte	0x321
 816 02e9 10       		.uleb128 0x10
 817 02ea EA000000 		.4byte	.LASF59
 818 02ee 01       		.byte	0x1
 819 02ef F5       		.byte	0xf5
 820 02f0 21030000 		.4byte	0x321
 821 02f4 FB000000 		.4byte	.LLST3
ARM GAS  C:\Users\jwise\AppData\Local\Temp\ccbrOLh0.s 			page 21


 822 02f8 11       		.uleb128 0x11
 823 02f9 0C000000 		.4byte	.LVL26
 824 02fd 14050000 		.4byte	0x514
 825 0301 10030000 		.4byte	0x310
 826 0305 12       		.uleb128 0x12
 827 0306 01       		.uleb128 0x1
 828 0307 50       		.byte	0x50
 829 0308 01       		.uleb128 0x1
 830 0309 30       		.byte	0x30
 831 030a 12       		.uleb128 0x12
 832 030b 01       		.uleb128 0x1
 833 030c 51       		.byte	0x51
 834 030d 01       		.uleb128 0x1
 835 030e 33       		.byte	0x33
 836 030f 00       		.byte	0
 837 0310 13       		.uleb128 0x13
 838 0311 12000000 		.4byte	.LVL27
 839 0315 1F050000 		.4byte	0x51f
 840 0319 12       		.uleb128 0x12
 841 031a 01       		.uleb128 0x1
 842 031b 50       		.byte	0x50
 843 031c 02       		.uleb128 0x2
 844 031d 74       		.byte	0x74
 845 031e 00       		.sleb128 0
 846 031f 00       		.byte	0
 847 0320 00       		.byte	0
 848 0321 0C       		.uleb128 0xc
 849 0322 04       		.byte	0x4
 850 0323 27030000 		.4byte	0x327
 851 0327 14       		.uleb128 0x14
 852 0328 B3000000 		.4byte	0xb3
 853 032c 15       		.uleb128 0x15
 854 032d 8F000000 		.4byte	.LASF60
 855 0331 01       		.byte	0x1
 856 0332 57       		.byte	0x57
 857 0333 68000000 		.4byte	0x68
 858 0337 00000000 		.4byte	.LFB64
 859 033b 14010000 		.4byte	.LFE64-.LFB64
 860 033f 01       		.uleb128 0x1
 861 0340 9C       		.byte	0x9c
 862 0341 AF040000 		.4byte	0x4af
 863 0345 16       		.uleb128 0x16
 864 0346 3F020000 		.4byte	.LASF61
 865 034a 01       		.byte	0x1
 866 034b 59       		.byte	0x59
 867 034c AF040000 		.4byte	0x4af
 868 0350 17       		.uleb128 0x17
 869 0351 1E000000 		.4byte	.LVL29
 870 0355 2A050000 		.4byte	0x52a
 871 0359 11       		.uleb128 0x11
 872 035a 26000000 		.4byte	.LVL30
 873 035e 14050000 		.4byte	0x514
 874 0362 73030000 		.4byte	0x373
 875 0366 12       		.uleb128 0x12
 876 0367 01       		.uleb128 0x1
 877 0368 50       		.byte	0x50
 878 0369 02       		.uleb128 0x2
ARM GAS  C:\Users\jwise\AppData\Local\Temp\ccbrOLh0.s 			page 22


 879 036a 74       		.byte	0x74
 880 036b 00       		.sleb128 0
 881 036c 12       		.uleb128 0x12
 882 036d 01       		.uleb128 0x1
 883 036e 51       		.byte	0x51
 884 036f 02       		.uleb128 0x2
 885 0370 74       		.byte	0x74
 886 0371 00       		.sleb128 0
 887 0372 00       		.byte	0
 888 0373 11       		.uleb128 0x11
 889 0374 2C000000 		.4byte	.LVL31
 890 0378 1F050000 		.4byte	0x51f
 891 037c 8A030000 		.4byte	0x38a
 892 0380 12       		.uleb128 0x12
 893 0381 01       		.uleb128 0x1
 894 0382 50       		.byte	0x50
 895 0383 05       		.uleb128 0x5
 896 0384 03       		.byte	0x3
 897 0385 00000000 		.4byte	.LC0
 898 0389 00       		.byte	0
 899 038a 17       		.uleb128 0x17
 900 038b 36000000 		.4byte	.LVL32
 901 038f 35050000 		.4byte	0x535
 902 0393 11       		.uleb128 0x11
 903 0394 3E000000 		.4byte	.LVL33
 904 0398 40050000 		.4byte	0x540
 905 039c AF030000 		.4byte	0x3af
 906 03a0 12       		.uleb128 0x12
 907 03a1 01       		.uleb128 0x1
 908 03a2 50       		.byte	0x50
 909 03a3 01       		.uleb128 0x1
 910 03a4 40       		.byte	0x40
 911 03a5 12       		.uleb128 0x12
 912 03a6 01       		.uleb128 0x1
 913 03a7 51       		.byte	0x51
 914 03a8 05       		.uleb128 0x5
 915 03a9 03       		.byte	0x3
 916 03aa 00000000 		.4byte	ISR_CAN
 917 03ae 00       		.byte	0
 918 03af 17       		.uleb128 0x17
 919 03b0 66000000 		.4byte	.LVL34
 920 03b4 4B050000 		.4byte	0x54b
 921 03b8 11       		.uleb128 0x11
 922 03b9 84000000 		.4byte	.LVL35
 923 03bd D4020000 		.4byte	0x2d4
 924 03c1 CF030000 		.4byte	0x3cf
 925 03c5 12       		.uleb128 0x12
 926 03c6 01       		.uleb128 0x1
 927 03c7 50       		.byte	0x50
 928 03c8 05       		.uleb128 0x5
 929 03c9 03       		.byte	0x3
 930 03ca 04000000 		.4byte	.LC1
 931 03ce 00       		.byte	0
 932 03cf 11       		.uleb128 0x11
 933 03d0 8C000000 		.4byte	.LVL36
 934 03d4 D4020000 		.4byte	0x2d4
 935 03d8 E6030000 		.4byte	0x3e6
ARM GAS  C:\Users\jwise\AppData\Local\Temp\ccbrOLh0.s 			page 23


 936 03dc 12       		.uleb128 0x12
 937 03dd 01       		.uleb128 0x1
 938 03de 50       		.byte	0x50
 939 03df 05       		.uleb128 0x5
 940 03e0 03       		.byte	0x3
 941 03e1 10000000 		.4byte	.LC2
 942 03e5 00       		.byte	0
 943 03e6 11       		.uleb128 0x11
 944 03e7 94000000 		.4byte	.LVL37
 945 03eb D4020000 		.4byte	0x2d4
 946 03ef FD030000 		.4byte	0x3fd
 947 03f3 12       		.uleb128 0x12
 948 03f4 01       		.uleb128 0x1
 949 03f5 50       		.byte	0x50
 950 03f6 05       		.uleb128 0x5
 951 03f7 03       		.byte	0x3
 952 03f8 1C000000 		.4byte	.LC3
 953 03fc 00       		.byte	0
 954 03fd 11       		.uleb128 0x11
 955 03fe 9C000000 		.4byte	.LVL38
 956 0402 D4020000 		.4byte	0x2d4
 957 0406 14040000 		.4byte	0x414
 958 040a 12       		.uleb128 0x12
 959 040b 01       		.uleb128 0x1
 960 040c 50       		.byte	0x50
 961 040d 05       		.uleb128 0x5
 962 040e 03       		.byte	0x3
 963 040f 28000000 		.4byte	.LC4
 964 0413 00       		.byte	0
 965 0414 11       		.uleb128 0x11
 966 0415 A4000000 		.4byte	.LVL39
 967 0419 D4020000 		.4byte	0x2d4
 968 041d 2B040000 		.4byte	0x42b
 969 0421 12       		.uleb128 0x12
 970 0422 01       		.uleb128 0x1
 971 0423 50       		.byte	0x50
 972 0424 05       		.uleb128 0x5
 973 0425 03       		.byte	0x3
 974 0426 34000000 		.4byte	.LC5
 975 042a 00       		.byte	0
 976 042b 11       		.uleb128 0x11
 977 042c AC000000 		.4byte	.LVL40
 978 0430 D4020000 		.4byte	0x2d4
 979 0434 42040000 		.4byte	0x442
 980 0438 12       		.uleb128 0x12
 981 0439 01       		.uleb128 0x1
 982 043a 50       		.byte	0x50
 983 043b 05       		.uleb128 0x5
 984 043c 03       		.byte	0x3
 985 043d 40000000 		.4byte	.LC6
 986 0441 00       		.byte	0
 987 0442 11       		.uleb128 0x11
 988 0443 B4000000 		.4byte	.LVL41
 989 0447 D4020000 		.4byte	0x2d4
 990 044b 59040000 		.4byte	0x459
 991 044f 12       		.uleb128 0x12
 992 0450 01       		.uleb128 0x1
ARM GAS  C:\Users\jwise\AppData\Local\Temp\ccbrOLh0.s 			page 24


 993 0451 50       		.byte	0x50
 994 0452 05       		.uleb128 0x5
 995 0453 03       		.byte	0x3
 996 0454 4C000000 		.4byte	.LC7
 997 0458 00       		.byte	0
 998 0459 11       		.uleb128 0x11
 999 045a BC000000 		.4byte	.LVL42
 1000 045e D4020000 		.4byte	0x2d4
 1001 0462 70040000 		.4byte	0x470
 1002 0466 12       		.uleb128 0x12
 1003 0467 01       		.uleb128 0x1
 1004 0468 50       		.byte	0x50
 1005 0469 05       		.uleb128 0x5
 1006 046a 03       		.byte	0x3
 1007 046b 58000000 		.4byte	.LC8
 1008 046f 00       		.byte	0
 1009 0470 11       		.uleb128 0x11
 1010 0471 C4000000 		.4byte	.LVL43
 1011 0475 D4020000 		.4byte	0x2d4
 1012 0479 87040000 		.4byte	0x487
 1013 047d 12       		.uleb128 0x12
 1014 047e 01       		.uleb128 0x1
 1015 047f 50       		.byte	0x50
 1016 0480 05       		.uleb128 0x5
 1017 0481 03       		.byte	0x3
 1018 0482 64000000 		.4byte	.LC9
 1019 0486 00       		.byte	0
 1020 0487 11       		.uleb128 0x11
 1021 0488 CC000000 		.4byte	.LVL44
 1022 048c D4020000 		.4byte	0x2d4
 1023 0490 9E040000 		.4byte	0x49e
 1024 0494 12       		.uleb128 0x12
 1025 0495 01       		.uleb128 0x1
 1026 0496 50       		.byte	0x50
 1027 0497 05       		.uleb128 0x5
 1028 0498 03       		.byte	0x3
 1029 0499 70000000 		.4byte	.LC10
 1030 049d 00       		.byte	0
 1031 049e 13       		.uleb128 0x13
 1032 049f D2000000 		.4byte	.LVL45
 1033 04a3 57050000 		.4byte	0x557
 1034 04a7 12       		.uleb128 0x12
 1035 04a8 01       		.uleb128 0x1
 1036 04a9 50       		.byte	0x50
 1037 04aa 02       		.uleb128 0x2
 1038 04ab 08       		.byte	0x8
 1039 04ac 64       		.byte	0x64
 1040 04ad 00       		.byte	0
 1041 04ae 00       		.byte	0
 1042 04af 09       		.uleb128 0x9
 1043 04b0 B3000000 		.4byte	0xb3
 1044 04b4 BF040000 		.4byte	0x4bf
 1045 04b8 0A       		.uleb128 0xa
 1046 04b9 EF000000 		.4byte	0xef
 1047 04bd 05       		.byte	0x5
 1048 04be 00       		.byte	0
 1049 04bf 18       		.uleb128 0x18
ARM GAS  C:\Users\jwise\AppData\Local\Temp\ccbrOLh0.s 			page 25


 1050 04c0 80020000 		.4byte	.LASF42
 1051 04c4 06       		.byte	0x6
 1052 04c5 1207     		.2byte	0x712
 1053 04c7 CB040000 		.4byte	0x4cb
 1054 04cb 06       		.uleb128 0x6
 1055 04cc 76000000 		.4byte	0x76
 1056 04d0 19       		.uleb128 0x19
 1057 04d1 C8010000 		.4byte	.LASF43
 1058 04d5 01       		.byte	0x1
 1059 04d6 3A       		.byte	0x3a
 1060 04d7 1B010000 		.4byte	0x11b
 1061 04db 05       		.uleb128 0x5
 1062 04dc 03       		.byte	0x3
 1063 04dd 00000000 		.4byte	dataPWM
 1064 04e1 19       		.uleb128 0x19
 1065 04e2 FD000000 		.4byte	.LASF44
 1066 04e6 01       		.byte	0x1
 1067 04e7 3B       		.byte	0x3b
 1068 04e8 E6010000 		.4byte	0x1e6
 1069 04ec 05       		.uleb128 0x5
 1070 04ed 03       		.byte	0x3
 1071 04ee 00000000 		.4byte	messagePWM
 1072 04f2 19       		.uleb128 0x19
 1073 04f3 4A000000 		.4byte	.LASF45
 1074 04f7 01       		.byte	0x1
 1075 04f8 3E       		.byte	0x3e
 1076 04f9 81000000 		.4byte	0x81
 1077 04fd 05       		.uleb128 0x5
 1078 04fe 03       		.byte	0x3
 1079 04ff 00000000 		.4byte	pulseWidthValue
 1080 0503 19       		.uleb128 0x19
 1081 0504 6B020000 		.4byte	.LASF46
 1082 0508 01       		.byte	0x1
 1083 0509 41       		.byte	0x41
 1084 050a D2000000 		.4byte	0xd2
 1085 050e 05       		.uleb128 0x5
 1086 050f 03       		.byte	0x3
 1087 0510 00000000 		.4byte	receiveMailboxNumber
 1088 0514 1A       		.uleb128 0x1a
 1089 0515 55020000 		.4byte	.LASF47
 1090 0519 55020000 		.4byte	.LASF47
 1091 051d 07       		.byte	0x7
 1092 051e 3D       		.byte	0x3d
 1093 051f 1A       		.uleb128 0x1a
 1094 0520 6A010000 		.4byte	.LASF48
 1095 0524 6A010000 		.4byte	.LASF48
 1096 0528 07       		.byte	0x7
 1097 0529 3C       		.byte	0x3c
 1098 052a 1A       		.uleb128 0x1a
 1099 052b 35020000 		.4byte	.LASF49
 1100 052f 35020000 		.4byte	.LASF49
 1101 0533 07       		.byte	0x7
 1102 0534 38       		.byte	0x38
 1103 0535 1A       		.uleb128 0x1a
 1104 0536 9B000000 		.4byte	.LASF50
 1105 053a 9B000000 		.4byte	.LASF50
 1106 053e 05       		.byte	0x5
ARM GAS  C:\Users\jwise\AppData\Local\Temp\ccbrOLh0.s 			page 26


 1107 053f C5       		.byte	0xc5
 1108 0540 1A       		.uleb128 0x1a
 1109 0541 46020000 		.4byte	.LASF51
 1110 0545 46020000 		.4byte	.LASF51
 1111 0549 08       		.byte	0x8
 1112 054a 88       		.byte	0x88
 1113 054b 1B       		.uleb128 0x1b
 1114 054c 29010000 		.4byte	.LASF52
 1115 0550 29010000 		.4byte	.LASF52
 1116 0554 05       		.byte	0x5
 1117 0555 1D01     		.2byte	0x11d
 1118 0557 1A       		.uleb128 0x1a
 1119 0558 1B030000 		.4byte	.LASF53
 1120 055c 1B030000 		.4byte	.LASF53
 1121 0560 08       		.byte	0x8
 1122 0561 76       		.byte	0x76
 1123 0562 00       		.byte	0
 1124              		.section	.debug_abbrev,"",%progbits
 1125              	.Ldebug_abbrev0:
 1126 0000 01       		.uleb128 0x1
 1127 0001 11       		.uleb128 0x11
 1128 0002 01       		.byte	0x1
 1129 0003 25       		.uleb128 0x25
 1130 0004 0E       		.uleb128 0xe
 1131 0005 13       		.uleb128 0x13
 1132 0006 0B       		.uleb128 0xb
 1133 0007 03       		.uleb128 0x3
 1134 0008 0E       		.uleb128 0xe
 1135 0009 1B       		.uleb128 0x1b
 1136 000a 0E       		.uleb128 0xe
 1137 000b 55       		.uleb128 0x55
 1138 000c 17       		.uleb128 0x17
 1139 000d 11       		.uleb128 0x11
 1140 000e 01       		.uleb128 0x1
 1141 000f 10       		.uleb128 0x10
 1142 0010 17       		.uleb128 0x17
 1143 0011 00       		.byte	0
 1144 0012 00       		.byte	0
 1145 0013 02       		.uleb128 0x2
 1146 0014 24       		.uleb128 0x24
 1147 0015 00       		.byte	0
 1148 0016 0B       		.uleb128 0xb
 1149 0017 0B       		.uleb128 0xb
 1150 0018 3E       		.uleb128 0x3e
 1151 0019 0B       		.uleb128 0xb
 1152 001a 03       		.uleb128 0x3
 1153 001b 0E       		.uleb128 0xe
 1154 001c 00       		.byte	0
 1155 001d 00       		.byte	0
 1156 001e 03       		.uleb128 0x3
 1157 001f 16       		.uleb128 0x16
 1158 0020 00       		.byte	0
 1159 0021 03       		.uleb128 0x3
 1160 0022 0E       		.uleb128 0xe
 1161 0023 3A       		.uleb128 0x3a
 1162 0024 0B       		.uleb128 0xb
 1163 0025 3B       		.uleb128 0x3b
ARM GAS  C:\Users\jwise\AppData\Local\Temp\ccbrOLh0.s 			page 27


 1164 0026 0B       		.uleb128 0xb
 1165 0027 49       		.uleb128 0x49
 1166 0028 13       		.uleb128 0x13
 1167 0029 00       		.byte	0
 1168 002a 00       		.byte	0
 1169 002b 04       		.uleb128 0x4
 1170 002c 24       		.uleb128 0x24
 1171 002d 00       		.byte	0
 1172 002e 0B       		.uleb128 0xb
 1173 002f 0B       		.uleb128 0xb
 1174 0030 3E       		.uleb128 0x3e
 1175 0031 0B       		.uleb128 0xb
 1176 0032 03       		.uleb128 0x3
 1177 0033 08       		.uleb128 0x8
 1178 0034 00       		.byte	0
 1179 0035 00       		.byte	0
 1180 0036 05       		.uleb128 0x5
 1181 0037 16       		.uleb128 0x16
 1182 0038 00       		.byte	0
 1183 0039 03       		.uleb128 0x3
 1184 003a 0E       		.uleb128 0xe
 1185 003b 3A       		.uleb128 0x3a
 1186 003c 0B       		.uleb128 0xb
 1187 003d 3B       		.uleb128 0x3b
 1188 003e 05       		.uleb128 0x5
 1189 003f 49       		.uleb128 0x49
 1190 0040 13       		.uleb128 0x13
 1191 0041 00       		.byte	0
 1192 0042 00       		.byte	0
 1193 0043 06       		.uleb128 0x6
 1194 0044 35       		.uleb128 0x35
 1195 0045 00       		.byte	0
 1196 0046 49       		.uleb128 0x49
 1197 0047 13       		.uleb128 0x13
 1198 0048 00       		.byte	0
 1199 0049 00       		.byte	0
 1200 004a 07       		.uleb128 0x7
 1201 004b 13       		.uleb128 0x13
 1202 004c 01       		.byte	0x1
 1203 004d 0B       		.uleb128 0xb
 1204 004e 0B       		.uleb128 0xb
 1205 004f 3A       		.uleb128 0x3a
 1206 0050 0B       		.uleb128 0xb
 1207 0051 3B       		.uleb128 0x3b
 1208 0052 0B       		.uleb128 0xb
 1209 0053 01       		.uleb128 0x1
 1210 0054 13       		.uleb128 0x13
 1211 0055 00       		.byte	0
 1212 0056 00       		.byte	0
 1213 0057 08       		.uleb128 0x8
 1214 0058 0D       		.uleb128 0xd
 1215 0059 00       		.byte	0
 1216 005a 03       		.uleb128 0x3
 1217 005b 0E       		.uleb128 0xe
 1218 005c 3A       		.uleb128 0x3a
 1219 005d 0B       		.uleb128 0xb
 1220 005e 3B       		.uleb128 0x3b
ARM GAS  C:\Users\jwise\AppData\Local\Temp\ccbrOLh0.s 			page 28


 1221 005f 0B       		.uleb128 0xb
 1222 0060 49       		.uleb128 0x49
 1223 0061 13       		.uleb128 0x13
 1224 0062 38       		.uleb128 0x38
 1225 0063 0B       		.uleb128 0xb
 1226 0064 00       		.byte	0
 1227 0065 00       		.byte	0
 1228 0066 09       		.uleb128 0x9
 1229 0067 01       		.uleb128 0x1
 1230 0068 01       		.byte	0x1
 1231 0069 49       		.uleb128 0x49
 1232 006a 13       		.uleb128 0x13
 1233 006b 01       		.uleb128 0x1
 1234 006c 13       		.uleb128 0x13
 1235 006d 00       		.byte	0
 1236 006e 00       		.byte	0
 1237 006f 0A       		.uleb128 0xa
 1238 0070 21       		.uleb128 0x21
 1239 0071 00       		.byte	0
 1240 0072 49       		.uleb128 0x49
 1241 0073 13       		.uleb128 0x13
 1242 0074 2F       		.uleb128 0x2f
 1243 0075 0B       		.uleb128 0xb
 1244 0076 00       		.byte	0
 1245 0077 00       		.byte	0
 1246 0078 0B       		.uleb128 0xb
 1247 0079 0D       		.uleb128 0xd
 1248 007a 00       		.byte	0
 1249 007b 03       		.uleb128 0x3
 1250 007c 08       		.uleb128 0x8
 1251 007d 3A       		.uleb128 0x3a
 1252 007e 0B       		.uleb128 0xb
 1253 007f 3B       		.uleb128 0x3b
 1254 0080 0B       		.uleb128 0xb
 1255 0081 49       		.uleb128 0x49
 1256 0082 13       		.uleb128 0x13
 1257 0083 38       		.uleb128 0x38
 1258 0084 0B       		.uleb128 0xb
 1259 0085 00       		.byte	0
 1260 0086 00       		.byte	0
 1261 0087 0C       		.uleb128 0xc
 1262 0088 0F       		.uleb128 0xf
 1263 0089 00       		.byte	0
 1264 008a 0B       		.uleb128 0xb
 1265 008b 0B       		.uleb128 0xb
 1266 008c 49       		.uleb128 0x49
 1267 008d 13       		.uleb128 0x13
 1268 008e 00       		.byte	0
 1269 008f 00       		.byte	0
 1270 0090 0D       		.uleb128 0xd
 1271 0091 2E       		.uleb128 0x2e
 1272 0092 01       		.byte	0x1
 1273 0093 3F       		.uleb128 0x3f
 1274 0094 19       		.uleb128 0x19
 1275 0095 03       		.uleb128 0x3
 1276 0096 0E       		.uleb128 0xe
 1277 0097 3A       		.uleb128 0x3a
ARM GAS  C:\Users\jwise\AppData\Local\Temp\ccbrOLh0.s 			page 29


 1278 0098 0B       		.uleb128 0xb
 1279 0099 3B       		.uleb128 0x3b
 1280 009a 0B       		.uleb128 0xb
 1281 009b 27       		.uleb128 0x27
 1282 009c 19       		.uleb128 0x19
 1283 009d 11       		.uleb128 0x11
 1284 009e 01       		.uleb128 0x1
 1285 009f 12       		.uleb128 0x12
 1286 00a0 06       		.uleb128 0x6
 1287 00a1 40       		.uleb128 0x40
 1288 00a2 18       		.uleb128 0x18
 1289 00a3 9742     		.uleb128 0x2117
 1290 00a5 19       		.uleb128 0x19
 1291 00a6 01       		.uleb128 0x1
 1292 00a7 13       		.uleb128 0x13
 1293 00a8 00       		.byte	0
 1294 00a9 00       		.byte	0
 1295 00aa 0E       		.uleb128 0xe
 1296 00ab 34       		.uleb128 0x34
 1297 00ac 00       		.byte	0
 1298 00ad 03       		.uleb128 0x3
 1299 00ae 0E       		.uleb128 0xe
 1300 00af 3A       		.uleb128 0x3a
 1301 00b0 0B       		.uleb128 0xb
 1302 00b1 3B       		.uleb128 0x3b
 1303 00b2 0B       		.uleb128 0xb
 1304 00b3 49       		.uleb128 0x49
 1305 00b4 13       		.uleb128 0x13
 1306 00b5 02       		.uleb128 0x2
 1307 00b6 17       		.uleb128 0x17
 1308 00b7 00       		.byte	0
 1309 00b8 00       		.byte	0
 1310 00b9 0F       		.uleb128 0xf
 1311 00ba 2E       		.uleb128 0x2e
 1312 00bb 01       		.byte	0x1
 1313 00bc 03       		.uleb128 0x3
 1314 00bd 0E       		.uleb128 0xe
 1315 00be 3A       		.uleb128 0x3a
 1316 00bf 0B       		.uleb128 0xb
 1317 00c0 3B       		.uleb128 0x3b
 1318 00c1 0B       		.uleb128 0xb
 1319 00c2 27       		.uleb128 0x27
 1320 00c3 19       		.uleb128 0x19
 1321 00c4 11       		.uleb128 0x11
 1322 00c5 01       		.uleb128 0x1
 1323 00c6 12       		.uleb128 0x12
 1324 00c7 06       		.uleb128 0x6
 1325 00c8 40       		.uleb128 0x40
 1326 00c9 18       		.uleb128 0x18
 1327 00ca 9742     		.uleb128 0x2117
 1328 00cc 19       		.uleb128 0x19
 1329 00cd 01       		.uleb128 0x1
 1330 00ce 13       		.uleb128 0x13
 1331 00cf 00       		.byte	0
 1332 00d0 00       		.byte	0
 1333 00d1 10       		.uleb128 0x10
 1334 00d2 05       		.uleb128 0x5
ARM GAS  C:\Users\jwise\AppData\Local\Temp\ccbrOLh0.s 			page 30


 1335 00d3 00       		.byte	0
 1336 00d4 03       		.uleb128 0x3
 1337 00d5 0E       		.uleb128 0xe
 1338 00d6 3A       		.uleb128 0x3a
 1339 00d7 0B       		.uleb128 0xb
 1340 00d8 3B       		.uleb128 0x3b
 1341 00d9 0B       		.uleb128 0xb
 1342 00da 49       		.uleb128 0x49
 1343 00db 13       		.uleb128 0x13
 1344 00dc 02       		.uleb128 0x2
 1345 00dd 17       		.uleb128 0x17
 1346 00de 00       		.byte	0
 1347 00df 00       		.byte	0
 1348 00e0 11       		.uleb128 0x11
 1349 00e1 898201   		.uleb128 0x4109
 1350 00e4 01       		.byte	0x1
 1351 00e5 11       		.uleb128 0x11
 1352 00e6 01       		.uleb128 0x1
 1353 00e7 31       		.uleb128 0x31
 1354 00e8 13       		.uleb128 0x13
 1355 00e9 01       		.uleb128 0x1
 1356 00ea 13       		.uleb128 0x13
 1357 00eb 00       		.byte	0
 1358 00ec 00       		.byte	0
 1359 00ed 12       		.uleb128 0x12
 1360 00ee 8A8201   		.uleb128 0x410a
 1361 00f1 00       		.byte	0
 1362 00f2 02       		.uleb128 0x2
 1363 00f3 18       		.uleb128 0x18
 1364 00f4 9142     		.uleb128 0x2111
 1365 00f6 18       		.uleb128 0x18
 1366 00f7 00       		.byte	0
 1367 00f8 00       		.byte	0
 1368 00f9 13       		.uleb128 0x13
 1369 00fa 898201   		.uleb128 0x4109
 1370 00fd 01       		.byte	0x1
 1371 00fe 11       		.uleb128 0x11
 1372 00ff 01       		.uleb128 0x1
 1373 0100 31       		.uleb128 0x31
 1374 0101 13       		.uleb128 0x13
 1375 0102 00       		.byte	0
 1376 0103 00       		.byte	0
 1377 0104 14       		.uleb128 0x14
 1378 0105 26       		.uleb128 0x26
 1379 0106 00       		.byte	0
 1380 0107 49       		.uleb128 0x49
 1381 0108 13       		.uleb128 0x13
 1382 0109 00       		.byte	0
 1383 010a 00       		.byte	0
 1384 010b 15       		.uleb128 0x15
 1385 010c 2E       		.uleb128 0x2e
 1386 010d 01       		.byte	0x1
 1387 010e 3F       		.uleb128 0x3f
 1388 010f 19       		.uleb128 0x19
 1389 0110 03       		.uleb128 0x3
 1390 0111 0E       		.uleb128 0xe
 1391 0112 3A       		.uleb128 0x3a
ARM GAS  C:\Users\jwise\AppData\Local\Temp\ccbrOLh0.s 			page 31


 1392 0113 0B       		.uleb128 0xb
 1393 0114 3B       		.uleb128 0x3b
 1394 0115 0B       		.uleb128 0xb
 1395 0116 49       		.uleb128 0x49
 1396 0117 13       		.uleb128 0x13
 1397 0118 8701     		.uleb128 0x87
 1398 011a 19       		.uleb128 0x19
 1399 011b 11       		.uleb128 0x11
 1400 011c 01       		.uleb128 0x1
 1401 011d 12       		.uleb128 0x12
 1402 011e 06       		.uleb128 0x6
 1403 011f 40       		.uleb128 0x40
 1404 0120 18       		.uleb128 0x18
 1405 0121 9742     		.uleb128 0x2117
 1406 0123 19       		.uleb128 0x19
 1407 0124 01       		.uleb128 0x1
 1408 0125 13       		.uleb128 0x13
 1409 0126 00       		.byte	0
 1410 0127 00       		.byte	0
 1411 0128 16       		.uleb128 0x16
 1412 0129 34       		.uleb128 0x34
 1413 012a 00       		.byte	0
 1414 012b 03       		.uleb128 0x3
 1415 012c 0E       		.uleb128 0xe
 1416 012d 3A       		.uleb128 0x3a
 1417 012e 0B       		.uleb128 0xb
 1418 012f 3B       		.uleb128 0x3b
 1419 0130 0B       		.uleb128 0xb
 1420 0131 49       		.uleb128 0x49
 1421 0132 13       		.uleb128 0x13
 1422 0133 00       		.byte	0
 1423 0134 00       		.byte	0
 1424 0135 17       		.uleb128 0x17
 1425 0136 898201   		.uleb128 0x4109
 1426 0139 00       		.byte	0
 1427 013a 11       		.uleb128 0x11
 1428 013b 01       		.uleb128 0x1
 1429 013c 31       		.uleb128 0x31
 1430 013d 13       		.uleb128 0x13
 1431 013e 00       		.byte	0
 1432 013f 00       		.byte	0
 1433 0140 18       		.uleb128 0x18
 1434 0141 34       		.uleb128 0x34
 1435 0142 00       		.byte	0
 1436 0143 03       		.uleb128 0x3
 1437 0144 0E       		.uleb128 0xe
 1438 0145 3A       		.uleb128 0x3a
 1439 0146 0B       		.uleb128 0xb
 1440 0147 3B       		.uleb128 0x3b
 1441 0148 05       		.uleb128 0x5
 1442 0149 49       		.uleb128 0x49
 1443 014a 13       		.uleb128 0x13
 1444 014b 3F       		.uleb128 0x3f
 1445 014c 19       		.uleb128 0x19
 1446 014d 3C       		.uleb128 0x3c
 1447 014e 19       		.uleb128 0x19
 1448 014f 00       		.byte	0
ARM GAS  C:\Users\jwise\AppData\Local\Temp\ccbrOLh0.s 			page 32


 1449 0150 00       		.byte	0
 1450 0151 19       		.uleb128 0x19
 1451 0152 34       		.uleb128 0x34
 1452 0153 00       		.byte	0
 1453 0154 03       		.uleb128 0x3
 1454 0155 0E       		.uleb128 0xe
 1455 0156 3A       		.uleb128 0x3a
 1456 0157 0B       		.uleb128 0xb
 1457 0158 3B       		.uleb128 0x3b
 1458 0159 0B       		.uleb128 0xb
 1459 015a 49       		.uleb128 0x49
 1460 015b 13       		.uleb128 0x13
 1461 015c 3F       		.uleb128 0x3f
 1462 015d 19       		.uleb128 0x19
 1463 015e 02       		.uleb128 0x2
 1464 015f 18       		.uleb128 0x18
 1465 0160 00       		.byte	0
 1466 0161 00       		.byte	0
 1467 0162 1A       		.uleb128 0x1a
 1468 0163 2E       		.uleb128 0x2e
 1469 0164 00       		.byte	0
 1470 0165 3F       		.uleb128 0x3f
 1471 0166 19       		.uleb128 0x19
 1472 0167 3C       		.uleb128 0x3c
 1473 0168 19       		.uleb128 0x19
 1474 0169 6E       		.uleb128 0x6e
 1475 016a 0E       		.uleb128 0xe
 1476 016b 03       		.uleb128 0x3
 1477 016c 0E       		.uleb128 0xe
 1478 016d 3A       		.uleb128 0x3a
 1479 016e 0B       		.uleb128 0xb
 1480 016f 3B       		.uleb128 0x3b
 1481 0170 0B       		.uleb128 0xb
 1482 0171 00       		.byte	0
 1483 0172 00       		.byte	0
 1484 0173 1B       		.uleb128 0x1b
 1485 0174 2E       		.uleb128 0x2e
 1486 0175 00       		.byte	0
 1487 0176 3F       		.uleb128 0x3f
 1488 0177 19       		.uleb128 0x19
 1489 0178 3C       		.uleb128 0x3c
 1490 0179 19       		.uleb128 0x19
 1491 017a 6E       		.uleb128 0x6e
 1492 017b 0E       		.uleb128 0xe
 1493 017c 03       		.uleb128 0x3
 1494 017d 0E       		.uleb128 0xe
 1495 017e 3A       		.uleb128 0x3a
 1496 017f 0B       		.uleb128 0xb
 1497 0180 3B       		.uleb128 0x3b
 1498 0181 05       		.uleb128 0x5
 1499 0182 00       		.byte	0
 1500 0183 00       		.byte	0
 1501 0184 00       		.byte	0
 1502              		.section	.debug_loc,"",%progbits
 1503              	.Ldebug_loc0:
 1504              	.LLST0:
 1505 0000 0C000000 		.4byte	.LVL1
ARM GAS  C:\Users\jwise\AppData\Local\Temp\ccbrOLh0.s 			page 33


 1506 0004 12000000 		.4byte	.LVL2
 1507 0008 0200     		.2byte	0x2
 1508 000a 30       		.byte	0x30
 1509 000b 9F       		.byte	0x9f
 1510 000c 12000000 		.4byte	.LVL2
 1511 0010 1C000000 		.4byte	.LVL4
 1512 0014 0100     		.2byte	0x1
 1513 0016 53       		.byte	0x53
 1514 0017 1C000000 		.4byte	.LVL4
 1515 001b 26000000 		.4byte	.LVL5
 1516 001f 0500     		.2byte	0x5
 1517 0021 03       		.byte	0x3
 1518 0022 00000000 		.4byte	receiveMailboxNumber
 1519 0026 28000000 		.4byte	.LVL6
 1520 002a 2E000000 		.4byte	.LVL9
 1521 002e 0100     		.2byte	0x1
 1522 0030 53       		.byte	0x53
 1523 0031 30000000 		.4byte	.LVL10
 1524 0035 34000000 		.4byte	.LVL11
 1525 0039 0100     		.2byte	0x1
 1526 003b 53       		.byte	0x53
 1527 003c 40000000 		.4byte	.LVL12
 1528 0040 46000000 		.4byte	.LVL13
 1529 0044 0100     		.2byte	0x1
 1530 0046 53       		.byte	0x53
 1531 0047 5A000000 		.4byte	.LVL16
 1532 004b 60000000 		.4byte	.LVL19
 1533 004f 0100     		.2byte	0x1
 1534 0051 53       		.byte	0x53
 1535 0052 62000000 		.4byte	.LVL20
 1536 0056 64000000 		.4byte	.LVL21
 1537 005a 0100     		.2byte	0x1
 1538 005c 53       		.byte	0x53
 1539 005d 68000000 		.4byte	.LVL22
 1540 0061 6C000000 		.4byte	.LVL23
 1541 0065 0100     		.2byte	0x1
 1542 0067 53       		.byte	0x53
 1543 0068 00000000 		.4byte	0
 1544 006c 00000000 		.4byte	0
 1545              	.LLST1:
 1546 0070 00000000 		.4byte	.LVL0
 1547 0074 12000000 		.4byte	.LVL2
 1548 0078 0200     		.2byte	0x2
 1549 007a 31       		.byte	0x31
 1550 007b 9F       		.byte	0x9f
 1551 007c 12000000 		.4byte	.LVL2
 1552 0080 18000000 		.4byte	.LVL3
 1553 0084 0100     		.2byte	0x1
 1554 0086 52       		.byte	0x52
 1555 0087 28000000 		.4byte	.LVL6
 1556 008b 2A000000 		.4byte	.LVL7
 1557 008f 0100     		.2byte	0x1
 1558 0091 52       		.byte	0x52
 1559 0092 2C000000 		.4byte	.LVL8
 1560 0096 34000000 		.4byte	.LVL11
 1561 009a 0100     		.2byte	0x1
 1562 009c 52       		.byte	0x52
ARM GAS  C:\Users\jwise\AppData\Local\Temp\ccbrOLh0.s 			page 34


 1563 009d 40000000 		.4byte	.LVL12
 1564 00a1 4A000000 		.4byte	.LVL15
 1565 00a5 0100     		.2byte	0x1
 1566 00a7 52       		.byte	0x52
 1567 00a8 5A000000 		.4byte	.LVL16
 1568 00ac 5C000000 		.4byte	.LVL17
 1569 00b0 0100     		.2byte	0x1
 1570 00b2 52       		.byte	0x52
 1571 00b3 5E000000 		.4byte	.LVL18
 1572 00b7 64000000 		.4byte	.LVL21
 1573 00bb 0100     		.2byte	0x1
 1574 00bd 52       		.byte	0x52
 1575 00be 68000000 		.4byte	.LVL22
 1576 00c2 6C000000 		.4byte	.LVL23
 1577 00c6 0100     		.2byte	0x1
 1578 00c8 52       		.byte	0x52
 1579 00c9 00000000 		.4byte	0
 1580 00cd 00000000 		.4byte	0
 1581              	.LLST2:
 1582 00d1 00000000 		.4byte	.LVL0
 1583 00d5 0C000000 		.4byte	.LVL1
 1584 00d9 0200     		.2byte	0x2
 1585 00db 30       		.byte	0x30
 1586 00dc 9F       		.byte	0x9f
 1587 00dd 0C000000 		.4byte	.LVL1
 1588 00e1 48000000 		.4byte	.LVL14
 1589 00e5 0100     		.2byte	0x1
 1590 00e7 51       		.byte	0x51
 1591 00e8 5A000000 		.4byte	.LVL16
 1592 00ec 7C000000 		.4byte	.LFE65
 1593 00f0 0100     		.2byte	0x1
 1594 00f2 51       		.byte	0x51
 1595 00f3 00000000 		.4byte	0
 1596 00f7 00000000 		.4byte	0
 1597              	.LLST3:
 1598 00fb 00000000 		.4byte	.LVL24
 1599 00ff 08000000 		.4byte	.LVL25
 1600 0103 0100     		.2byte	0x1
 1601 0105 50       		.byte	0x50
 1602 0106 08000000 		.4byte	.LVL25
 1603 010a 1A000000 		.4byte	.LVL28
 1604 010e 0100     		.2byte	0x1
 1605 0110 54       		.byte	0x54
 1606 0111 1A000000 		.4byte	.LVL28
 1607 0115 20000000 		.4byte	.LFE66
 1608 0119 0400     		.2byte	0x4
 1609 011b F3       		.byte	0xf3
 1610 011c 01       		.uleb128 0x1
 1611 011d 50       		.byte	0x50
 1612 011e 9F       		.byte	0x9f
 1613 011f 00000000 		.4byte	0
 1614 0123 00000000 		.4byte	0
 1615              		.section	.debug_aranges,"",%progbits
 1616 0000 2C000000 		.4byte	0x2c
 1617 0004 0200     		.2byte	0x2
 1618 0006 00000000 		.4byte	.Ldebug_info0
 1619 000a 04       		.byte	0x4
ARM GAS  C:\Users\jwise\AppData\Local\Temp\ccbrOLh0.s 			page 35


 1620 000b 00       		.byte	0
 1621 000c 0000     		.2byte	0
 1622 000e 0000     		.2byte	0
 1623 0010 00000000 		.4byte	.LFB65
 1624 0014 7C000000 		.4byte	.LFE65-.LFB65
 1625 0018 00000000 		.4byte	.LFB66
 1626 001c 20000000 		.4byte	.LFE66-.LFB66
 1627 0020 00000000 		.4byte	.LFB64
 1628 0024 14010000 		.4byte	.LFE64-.LFB64
 1629 0028 00000000 		.4byte	0
 1630 002c 00000000 		.4byte	0
 1631              		.section	.debug_ranges,"",%progbits
 1632              	.Ldebug_ranges0:
 1633 0000 00000000 		.4byte	.LFB65
 1634 0004 7C000000 		.4byte	.LFE65
 1635 0008 00000000 		.4byte	.LFB66
 1636 000c 20000000 		.4byte	.LFE66
 1637 0010 00000000 		.4byte	.LFB64
 1638 0014 14010000 		.4byte	.LFE64
 1639 0018 00000000 		.4byte	0
 1640 001c 00000000 		.4byte	0
 1641              		.section	.debug_line,"",%progbits
 1642              	.Ldebug_line0:
 1643 0000 06020000 		.section	.debug_str,"MS",%progbits,1
 1643      02006901 
 1643      00000201 
 1643      FB0E0D00 
 1643      01010101 
 1644              	.LASF56:
 1645 0000 433A5C62 		.ascii	"C:\\biobotsdev\\bg-ExtruderTests\\CAN_Full_New\\CAN"
 1645      696F626F 
 1645      74736465 
 1645      765C6267 
 1645      2D457874 
 1646 002f 5F46756C 		.ascii	"_Full_New.cydsn\000"
 1646      6C5F4E65 
 1646      772E6379 
 1646      64736E00 
 1647              	.LASF25:
 1648 003f 43414E5F 		.ascii	"CAN_REG_32\000"
 1648      5245475F 
 1648      333200
 1649              	.LASF45:
 1650 004a 70756C73 		.ascii	"pulseWidthValue\000"
 1650      65576964 
 1650      74685661 
 1650      6C756500 
 1651              	.LASF24:
 1652 005a 43414E5F 		.ascii	"CAN_DATA_BYTES\000"
 1652      44415441 
 1652      5F425954 
 1652      455300
 1653              	.LASF19:
 1654 0069 72656731 		.ascii	"reg16\000"
 1654      3600
 1655              	.LASF2:
 1656 006f 73686F72 		.ascii	"short int\000"
ARM GAS  C:\Users\jwise\AppData\Local\Temp\ccbrOLh0.s 			page 36


 1656      7420696E 
 1656      7400
 1657              	.LASF21:
 1658 0079 73697A65 		.ascii	"sizetype\000"
 1658      74797065 
 1658      00
 1659              	.LASF16:
 1660 0082 63686172 		.ascii	"char8\000"
 1660      3800
 1661              	.LASF37:
 1662 0088 74786461 		.ascii	"txdata\000"
 1662      746100
 1663              	.LASF60:
 1664 008f 6D61696E 		.ascii	"main\000"
 1664      00
 1665              	.LASF29:
 1666 0094 72786461 		.ascii	"rxdata\000"
 1666      746100
 1667              	.LASF50:
 1668 009b 43414E5F 		.ascii	"CAN_Start\000"
 1668      53746172 
 1668      7400
 1669              	.LASF12:
 1670 00a5 75696E74 		.ascii	"uint16\000"
 1670      313600
 1671              	.LASF11:
 1672 00ac 75696E74 		.ascii	"uint8\000"
 1672      3800
 1673              	.LASF28:
 1674 00b2 72786964 		.ascii	"rxid\000"
 1674      00
 1675              	.LASF31:
 1676 00b7 72786163 		.ascii	"rxacr\000"
 1676      7200
 1677              	.LASF14:
 1678 00bd 666C6F61 		.ascii	"float\000"
 1678      7400
 1679              	.LASF6:
 1680 00c3 6C6F6E67 		.ascii	"long long int\000"
 1680      206C6F6E 
 1680      6720696E 
 1680      7400
 1681              	.LASF35:
 1682 00d1 7478636D 		.ascii	"txcmd\000"
 1682      6400
 1683              	.LASF4:
 1684 00d7 6C6F6E67 		.ascii	"long int\000"
 1684      20696E74 
 1684      00
 1685              	.LASF58:
 1686 00e0 50726F63 		.ascii	"ProcessRX\000"
 1686      65737352 
 1686      5800
 1687              	.LASF59:
 1688 00ea 73747269 		.ascii	"string\000"
 1688      6E6700
 1689              	.LASF39:
ARM GAS  C:\Users\jwise\AppData\Local\Temp\ccbrOLh0.s 			page 37


 1690 00f1 6F666673 		.ascii	"offset\000"
 1690      657400
 1691              	.LASF23:
 1692 00f8 62797465 		.ascii	"byte\000"
 1692      00
 1693              	.LASF44:
 1694 00fd 6D657373 		.ascii	"messagePWM\000"
 1694      61676550 
 1694      574D00
 1695              	.LASF20:
 1696 0108 6C6F6E67 		.ascii	"long double\000"
 1696      20646F75 
 1696      626C6500 
 1697              	.LASF32:
 1698 0114 7278616D 		.ascii	"rxamrd\000"
 1698      726400
 1699              	.LASF1:
 1700 011b 756E7369 		.ascii	"unsigned char\000"
 1700      676E6564 
 1700      20636861 
 1700      7200
 1701              	.LASF52:
 1702 0129 43414E5F 		.ascii	"CAN_SendMsgtxex1\000"
 1702      53656E64 
 1702      4D736774 
 1702      78657831 
 1702      00
 1703              	.LASF0:
 1704 013a 7369676E 		.ascii	"signed char\000"
 1704      65642063 
 1704      68617200 
 1705              	.LASF7:
 1706 0146 6C6F6E67 		.ascii	"long long unsigned int\000"
 1706      206C6F6E 
 1706      6720756E 
 1706      7369676E 
 1706      65642069 
 1707              	.LASF8:
 1708 015d 756E7369 		.ascii	"unsigned int\000"
 1708      676E6564 
 1708      20696E74 
 1708      00
 1709              	.LASF48:
 1710 016a 4C43445F 		.ascii	"LCD_PrintString\000"
 1710      5072696E 
 1710      74537472 
 1710      696E6700 
 1711              	.LASF22:
 1712 017a 43414E5F 		.ascii	"CAN_DATA_BYTES_MSG\000"
 1712      44415441 
 1712      5F425954 
 1712      45535F4D 
 1712      534700
 1713              	.LASF3:
 1714 018d 73686F72 		.ascii	"short unsigned int\000"
 1714      7420756E 
 1714      7369676E 
ARM GAS  C:\Users\jwise\AppData\Local\Temp\ccbrOLh0.s 			page 38


 1714      65642069 
 1714      6E7400
 1715              	.LASF33:
 1716 01a0 72786163 		.ascii	"rxacrd\000"
 1716      726400
 1717              	.LASF17:
 1718 01a7 63686172 		.ascii	"char\000"
 1718      00
 1719              	.LASF34:
 1720 01ac 43414E5F 		.ascii	"CAN_RX_STRUCT\000"
 1720      52585F53 
 1720      54525543 
 1720      5400
 1721              	.LASF10:
 1722 01ba 696E7433 		.ascii	"int32_t\000"
 1722      325F7400 
 1723              	.LASF27:
 1724 01c2 7278636D 		.ascii	"rxcmd\000"
 1724      6400
 1725              	.LASF43:
 1726 01c8 64617461 		.ascii	"dataPWM\000"
 1726      50574D00 
 1727              	.LASF38:
 1728 01d0 43414E5F 		.ascii	"CAN_TX_STRUCT\000"
 1728      54585F53 
 1728      54525543 
 1728      5400
 1729              	.LASF13:
 1730 01de 75696E74 		.ascii	"uint32\000"
 1730      333200
 1731              	.LASF55:
 1732 01e5 6D61696E 		.ascii	"main.c\000"
 1732      2E6300
 1733              	.LASF18:
 1734 01ec 72656738 		.ascii	"reg8\000"
 1734      00
 1735              	.LASF5:
 1736 01f1 6C6F6E67 		.ascii	"long unsigned int\000"
 1736      20756E73 
 1736      69676E65 
 1736      6420696E 
 1736      7400
 1737              	.LASF26:
 1738 0203 43414E5F 		.ascii	"CAN_TX_MSG\000"
 1738      54585F4D 
 1738      534700
 1739              	.LASF15:
 1740 020e 646F7562 		.ascii	"double\000"
 1740      6C6500
 1741              	.LASF40:
 1742 0215 6D61696C 		.ascii	"mailMask\000"
 1742      4D61736B 
 1742      00
 1743              	.LASF36:
 1744 021e 74786964 		.ascii	"txid\000"
 1744      00
 1745              	.LASF9:
ARM GAS  C:\Users\jwise\AppData\Local\Temp\ccbrOLh0.s 			page 39


 1746 0223 5F5F696E 		.ascii	"__int32_t\000"
 1746      7433325F 
 1746      7400
 1747              	.LASF57:
 1748 022d 4953525F 		.ascii	"ISR_CAN\000"
 1748      43414E00 
 1749              	.LASF49:
 1750 0235 4C43445F 		.ascii	"LCD_Start\000"
 1750      53746172 
 1750      7400
 1751              	.LASF61:
 1752 023f 74784461 		.ascii	"txData\000"
 1752      746100
 1753              	.LASF51:
 1754 0246 4379496E 		.ascii	"CyIntSetVector\000"
 1754      74536574 
 1754      56656374 
 1754      6F7200
 1755              	.LASF47:
 1756 0255 4C43445F 		.ascii	"LCD_Position\000"
 1756      506F7369 
 1756      74696F6E 
 1756      00
 1757              	.LASF41:
 1758 0262 72656756 		.ascii	"regValue\000"
 1758      616C7565 
 1758      00
 1759              	.LASF46:
 1760 026b 72656365 		.ascii	"receiveMailboxNumber\000"
 1760      6976654D 
 1760      61696C62 
 1760      6F784E75 
 1760      6D626572 
 1761              	.LASF42:
 1762 0280 49544D5F 		.ascii	"ITM_RxBuffer\000"
 1762      52784275 
 1762      66666572 
 1762      00
 1763              	.LASF54:
 1764 028d 474E5520 		.ascii	"GNU C11 5.4.1 20160609 (release) [ARM/embedded-5-br"
 1764      43313120 
 1764      352E342E 
 1764      31203230 
 1764      31363036 
 1765 02c0 616E6368 		.ascii	"anch revision 237715] -mcpu=cortex-m3 -mthumb -g -O"
 1765      20726576 
 1765      6973696F 
 1765      6E203233 
 1765      37373135 
 1766 02f3 67202D66 		.ascii	"g -ffunction-sections -ffat-lto-objects\000"
 1766      66756E63 
 1766      74696F6E 
 1766      2D736563 
 1766      74696F6E 
 1767              	.LASF53:
 1768 031b 43794465 		.ascii	"CyDelay\000"
 1768      6C617900 
ARM GAS  C:\Users\jwise\AppData\Local\Temp\ccbrOLh0.s 			page 40


 1769              	.LASF30:
 1770 0323 7278616D 		.ascii	"rxamr\000"
 1770      7200
 1771              		.ident	"GCC: (GNU Tools for ARM Embedded Processors) 5.4.1 20160609 (release) [ARM/embedded-5-bran
